⏱ 开始验证分片 1，共 101935 条规则
🚀 启动 50 并发验证
✅ 已验证 500/101935 条，有效 5 条
✅ 已验证 1000/101935 条，有效 8 条
✅ 已验证 1500/101935 条，有效 8 条
✅ 已验证 2000/101935 条，有效 9 条
✅ 已验证 2500/101935 条，有效 10 条
✅ 已验证 3000/101935 条，有效 11 条
✅ 已验证 3500/101935 条，有效 12 条
✅ 已验证 4000/101935 条，有效 13 条
✅ 已验证 4500/101935 条，有效 14 条
✅ 已验证 5000/101935 条，有效 14 条
✅ 已验证 5500/101935 条，有效 14 条
✅ 已验证 6000/101935 条，有效 14 条
✅ 已验证 6500/101935 条，有效 14 条
✅ 已验证 7000/101935 条，有效 14 条
✅ 已验证 7500/101935 条，有效 14 条
✅ 已验证 8000/101935 条，有效 14 条
✅ 已验证 8500/101935 条，有效 14 条
✅ 已验证 9000/101935 条，有效 18 条
✅ 已验证 9500/101935 条，有效 40 条
✅ 已验证 10000/101935 条，有效 62 条
✅ 已验证 10500/101935 条，有效 72 条
✅ 已验证 11000/101935 条，有效 88 条
✅ 已验证 11500/101935 条，有效 99 条
✅ 已验证 12000/101935 条，有效 103 条
✅ 已验证 12500/101935 条，有效 104 条
✅ 已验证 13000/101935 条，有效 104 条
✅ 已验证 13500/101935 条，有效 104 条
✅ 已验证 14000/101935 条，有效 104 条
✅ 已验证 14500/101935 条，有效 104 条
✅ 已验证 15000/101935 条，有效 104 条
✅ 已验证 15500/101935 条，有效 104 条
✅ 已验证 16000/101935 条，有效 104 条
✅ 已验证 16500/101935 条，有效 104 条
✅ 已验证 17000/101935 条，有效 104 条
✅ 已验证 17500/101935 条，有效 104 条
✅ 已验证 18000/101935 条，有效 104 条
✅ 已验证 18500/101935 条，有效 104 条
✅ 已验证 19000/101935 条，有效 104 条
✅ 已验证 19500/101935 条，有效 105 条
✅ 已验证 20000/101935 条，有效 106 条
✅ 已验证 20500/101935 条，有效 106 条
✅ 已验证 21000/101935 条，有效 106 条
✅ 已验证 21500/101935 条，有效 106 条
✅ 已验证 22000/101935 条，有效 106 条
✅ 已验证 22500/101935 条，有效 106 条
✅ 已验证 23000/101935 条，有效 106 条
✅ 已验证 23500/101935 条，有效 106 条
✅ 已验证 24000/101935 条，有效 106 条
✅ 已验证 24500/101935 条，有效 106 条
✅ 已验证 25000/101935 条，有效 107 条
✅ 已验证 25500/101935 条，有效 107 条
✅ 已验证 26000/101935 条，有效 107 条
✅ 已验证 26500/101935 条，有效 107 条
✅ 已验证 27000/101935 条，有效 107 条
✅ 已验证 27500/101935 条，有效 107 条
✅ 已验证 28000/101935 条，有效 107 条
✅ 已验证 28500/101935 条，有效 107 条
✅ 已验证 29000/101935 条，有效 108 条
✅ 已验证 29500/101935 条，有效 109 条
✅ 已验证 30000/101935 条，有效 111 条
✅ 已验证 30500/101935 条，有效 111 条
✅ 已验证 31000/101935 条，有效 423 条
✅ 已验证 31500/101935 条，有效 918 条
✅ 已验证 32000/101935 条，有效 1406 条
✅ 已验证 32500/101935 条，有效 1866 条
✅ 已验证 33000/101935 条，有效 2302 条
✅ 已验证 33500/101935 条，有效 2543 条
✅ 已验证 34000/101935 条，有效 2980 条
✅ 已验证 34500/101935 条，有效 3472 条
✅ 已验证 35000/101935 条，有效 3766 条
✅ 已验证 35500/101935 条，有效 3946 条
✅ 已验证 36000/101935 条，有效 4284 条
✅ 已验证 36500/101935 条，有效 4419 条
✅ 已验证 37000/101935 条，有效 4578 条
✅ 已验证 37500/101935 条，有效 4788 条
✅ 已验证 38000/101935 条，有效 5122 条
✅ 已验证 38500/101935 条，有效 5542 条
✅ 已验证 39000/101935 条，有效 5911 条
✅ 已验证 39500/101935 条，有效 6214 条
✅ 已验证 40000/101935 条，有效 6552 条
✅ 已验证 40500/101935 条，有效 6838 条
✅ 已验证 41000/101935 条，有效 7235 条
✅ 已验证 41500/101935 条，有效 7528 条
✅ 已验证 42000/101935 条，有效 7842 条
✅ 已验证 42500/101935 条，有效 8033 条
✅ 已验证 43000/101935 条，有效 8344 条
✅ 已验证 43500/101935 条，有效 8656 条
✅ 已验证 44000/101935 条，有效 8931 条
✅ 已验证 44500/101935 条，有效 9258 条
✅ 已验证 45000/101935 条，有效 9538 条
✅ 已验证 45500/101935 条，有效 9941 条
✅ 已验证 46000/101935 条，有效 10185 条
✅ 已验证 46500/101935 条，有效 10356 条
✅ 已验证 47000/101935 条，有效 10547 条
✅ 已验证 47500/101935 条，有效 10721 条
✅ 已验证 48000/101935 条，有效 11029 条
✅ 已验证 48500/101935 条，有效 11395 条
✅ 已验证 49000/101935 条，有效 11575 条
✅ 已验证 49500/101935 条，有效 11948 条
✅ 已验证 50000/101935 条，有效 12302 条
✅ 已验证 50500/101935 条，有效 12655 条
✅ 已验证 51000/101935 条，有效 13001 条
✅ 已验证 51500/101935 条，有效 13249 条
✅ 已验证 52000/101935 条，有效 13471 条
✅ 已验证 52500/101935 条，有效 13580 条
✅ 已验证 53000/101935 条，有效 13783 条
✅ 已验证 53500/101935 条，有效 14024 条
✅ 已验证 54000/101935 条，有效 14293 条
✅ 已验证 54500/101935 条，有效 14472 条
✅ 已验证 55000/101935 条，有效 14699 条
✅ 已验证 55500/101935 条，有效 14902 条
✅ 已验证 56000/101935 条，有效 15197 条
✅ 已验证 56500/101935 条，有效 15568 条
✅ 已验证 57000/101935 条，有效 15953 条
✅ 已验证 57500/101935 条，有效 16282 条
✅ 已验证 58000/101935 条，有效 16597 条
✅ 已验证 58500/101935 条，有效 16933 条
✅ 已验证 59000/101935 条，有效 17150 条
✅ 已验证 59500/101935 条，有效 17475 条
✅ 已验证 60000/101935 条，有效 17764 条
✅ 已验证 60500/101935 条，有效 17954 条
✅ 已验证 61000/101935 条，有效 18118 条
✅ 已验证 61500/101935 条，有效 18381 条
✅ 已验证 62000/101935 条，有效 18744 条
✅ 已验证 62500/101935 条，有效 19071 条
✅ 已验证 63000/101935 条，有效 19369 条
✅ 已验证 63500/101935 条，有效 19702 条
✅ 已验证 64000/101935 条，有效 19955 条
✅ 已验证 64500/101935 条，有效 20109 条
✅ 已验证 65000/101935 条，有效 20260 条
✅ 已验证 65500/101935 条，有效 20577 条
✅ 已验证 66000/101935 条，有效 20818 条
✅ 已验证 66500/101935 条，有效 20976 条
✅ 已验证 67000/101935 条，有效 21170 条
✅ 已验证 67500/101935 条，有效 21431 条
✅ 已验证 68000/101935 条，有效 21724 条
✅ 已验证 68500/101935 条，有效 21957 条
✅ 已验证 69000/101935 条，有效 22127 条
✅ 已验证 69500/101935 条，有效 22424 条
✅ 已验证 70000/101935 条，有效 22752 条
✅ 已验证 70500/101935 条，有效 23027 条
✅ 已验证 71000/101935 条，有效 23254 条
✅ 已验证 71500/101935 条，有效 23451 条
✅ 已验证 72000/101935 条，有效 23653 条
✅ 已验证 72500/101935 条，有效 23796 条
✅ 已验证 73000/101935 条，有效 24071 条
✅ 已验证 73500/101935 条，有效 24352 条
✅ 已验证 74000/101935 条，有效 24573 条
✅ 已验证 74500/101935 条，有效 24982 条
✅ 已验证 75000/101935 条，有效 25279 条
✅ 已验证 75500/101935 条，有效 25526 条
✅ 已验证 76000/101935 条，有效 25664 条
✅ 已验证 76500/101935 条，有效 25940 条
✅ 已验证 77000/101935 条，有效 26294 条
✅ 已验证 77500/101935 条，有效 26607 条
✅ 已验证 78000/101935 条，有效 26940 条
✅ 已验证 78500/101935 条，有效 27431 条
✅ 已验证 79000/101935 条，有效 27859 条
✅ 已验证 79500/101935 条，有效 28160 条
✅ 已验证 80000/101935 条，有效 28428 条
✅ 已验证 80500/101935 条，有效 28649 条
✅ 已验证 81000/101935 条，有效 28796 条
✅ 已验证 81500/101935 条，有效 29114 条
✅ 已验证 82000/101935 条，有效 29451 条
✅ 已验证 82500/101935 条，有效 29831 条
✅ 已验证 83000/101935 条，有效 30247 条
✅ 已验证 83500/101935 条，有效 30534 条
✅ 已验证 84000/101935 条，有效 30780 条
✅ 已验证 84500/101935 条，有效 30951 条
✅ 已验证 85000/101935 条，有效 31070 条
✅ 已验证 85500/101935 条，有效 31333 条
✅ 已验证 86000/101935 条，有效 31719 条
✅ 已验证 86500/101935 条，有效 31995 条
✅ 已验证 87000/101935 条，有效 32346 条
✅ 已验证 87500/101935 条，有效 32762 条
✅ 已验证 88000/101935 条，有效 33244 条
✅ 已验证 88500/101935 条，有效 33714 条
✅ 已验证 89000/101935 条，有效 33935 条
✅ 已验证 89500/101935 条，有效 34363 条
✅ 已验证 90000/101935 条，有效 34767 条
✅ 已验证 90500/101935 条，有效 35192 条
✅ 已验证 91000/101935 条，有效 35650 条
✅ 已验证 91500/101935 条，有效 36113 条
✅ 已验证 92000/101935 条，有效 36483 条
✅ 已验证 92500/101935 条，有效 36901 条
✅ 已验证 93000/101935 条，有效 37352 条
✅ 已验证 93500/101935 条，有效 37833 条
✅ 已验证 94000/101935 条，有效 38305 条
✅ 已验证 94500/101935 条，有效 38623 条
✅ 已验证 95000/101935 条，有效 38863 条
✅ 已验证 95500/101935 条，有效 39151 条
✅ 已验证 96000/101935 条，有效 39405 条
✅ 已验证 96500/101935 条，有效 39607 条
✅ 已验证 97000/101935 条，有效 39900 条
✅ 已验证 97500/101935 条，有效 40122 条
✅ 已验证 98000/101935 条，有效 40379 条
✅ 已验证 98500/101935 条，有效 40592 条
✅ 已验证 99000/101935 条，有效 40808 条
✅ 已验证 99500/101935 条，有效 40962 条
✅ 已验证 100000/101935 条，有效 41059 条
✅ 已验证 100500/101935 条，有效 41187 条
✅ 已验证 101000/101935 条，有效 41360 条
✅ 已验证 101500/101935 条，有效 41536 条
✅ 分片验证完成，有效 41694 条
✅ 分片 1 验证完成 → dist/validated_part_1.txt
