⏱ 开始验证分片 3，共 101935 条规则
🚀 启动 50 并发验证
✅ 已验证 500/101935 条，有效 264 条
✅ 已验证 1000/101935 条，有效 535 条
✅ 已验证 1500/101935 条，有效 781 条
✅ 已验证 2000/101935 条，有效 1035 条
✅ 已验证 2500/101935 条，有效 1258 条
✅ 已验证 3000/101935 条，有效 1563 条
✅ 已验证 3500/101935 条，有效 1840 条
✅ 已验证 4000/101935 条，有效 2058 条
✅ 已验证 4500/101935 条，有效 2273 条
✅ 已验证 5000/101935 条，有效 2514 条
✅ 已验证 5500/101935 条，有效 2785 条
✅ 已验证 6000/101935 条，有效 3026 条
✅ 已验证 6500/101935 条，有效 3282 条
✅ 已验证 7000/101935 条，有效 3538 条
✅ 已验证 7500/101935 条，有效 3789 条
✅ 已验证 8000/101935 条，有效 4090 条
✅ 已验证 8500/101935 条，有效 4328 条
✅ 已验证 9000/101935 条，有效 4626 条
✅ 已验证 9500/101935 条，有效 4915 条
✅ 已验证 10000/101935 条，有效 5186 条
✅ 已验证 10500/101935 条，有效 5490 条
✅ 已验证 11000/101935 条，有效 5694 条
✅ 已验证 11500/101935 条，有效 5942 条
✅ 已验证 12000/101935 条，有效 6184 条
✅ 已验证 12500/101935 条，有效 6428 条
✅ 已验证 13000/101935 条，有效 6635 条
✅ 已验证 13500/101935 条，有效 6862 条
✅ 已验证 14000/101935 条，有效 7084 条
✅ 已验证 14500/101935 条，有效 7353 条
✅ 已验证 15000/101935 条，有效 7654 条
✅ 已验证 15500/101935 条，有效 7872 条
✅ 已验证 16000/101935 条，有效 8125 条
✅ 已验证 16500/101935 条，有效 8404 条
✅ 已验证 17000/101935 条，有效 8665 条
✅ 已验证 17500/101935 条，有效 8890 条
✅ 已验证 18000/101935 条，有效 9116 条
✅ 已验证 18500/101935 条，有效 9316 条
✅ 已验证 19000/101935 条，有效 9585 条
✅ 已验证 19500/101935 条，有效 10078 条
✅ 已验证 20000/101935 条，有效 10387 条
✅ 已验证 20500/101935 条，有效 10589 条
✅ 已验证 21000/101935 条，有效 10836 条
✅ 已验证 21500/101935 条，有效 11066 条
✅ 已验证 22000/101935 条，有效 11188 条
✅ 已验证 22500/101935 条，有效 11275 条
✅ 已验证 23000/101935 条，有效 11527 条
✅ 已验证 23500/101935 条，有效 11933 条
✅ 已验证 24000/101935 条，有效 12164 条
✅ 已验证 24500/101935 条，有效 12353 条
✅ 已验证 25000/101935 条，有效 12594 条
✅ 已验证 25500/101935 条，有效 12825 条
✅ 已验证 26000/101935 条，有效 13034 条
✅ 已验证 26500/101935 条，有效 13265 条
✅ 已验证 27000/101935 条，有效 13491 条
✅ 已验证 27500/101935 条，有效 13678 条
✅ 已验证 28000/101935 条，有效 13886 条
✅ 已验证 28500/101935 条，有效 14134 条
✅ 已验证 29000/101935 条，有效 14388 条
✅ 已验证 29500/101935 条，有效 14573 条
✅ 已验证 30000/101935 条，有效 14782 条
✅ 已验证 30500/101935 条，有效 14998 条
✅ 已验证 31000/101935 条，有效 15282 条
✅ 已验证 31500/101935 条，有效 15709 条
✅ 已验证 32000/101935 条，有效 15991 条
✅ 已验证 32500/101935 条，有效 16231 条
✅ 已验证 33000/101935 条，有效 16450 条
✅ 已验证 33500/101935 条，有效 16570 条
✅ 已验证 34000/101935 条，有效 16714 条
✅ 已验证 34500/101935 条，有效 16864 条
✅ 已验证 35000/101935 条，有效 16997 条
✅ 已验证 35500/101935 条，有效 17137 条
✅ 已验证 36000/101935 条，有效 17348 条
✅ 已验证 36500/101935 条，有效 17399 条
✅ 已验证 37000/101935 条，有效 17600 条
✅ 已验证 37500/101935 条，有效 17816 条
✅ 已验证 38000/101935 条，有效 18078 条
✅ 已验证 38500/101935 条，有效 18309 条
✅ 已验证 39000/101935 条，有效 18567 条
✅ 已验证 39500/101935 条，有效 18727 条
✅ 已验证 40000/101935 条，有效 18918 条
✅ 已验证 40500/101935 条，有效 19119 条
✅ 已验证 41000/101935 条，有效 19333 条
✅ 已验证 41500/101935 条，有效 19567 条
✅ 已验证 42000/101935 条，有效 19790 条
✅ 已验证 42500/101935 条，有效 20142 条
✅ 已验证 43000/101935 条，有效 20499 条
✅ 已验证 43500/101935 条，有效 20772 条
✅ 已验证 44000/101935 条，有效 21076 条
✅ 已验证 44500/101935 条，有效 21357 条
✅ 已验证 45000/101935 条，有效 21575 条
✅ 已验证 45500/101935 条，有效 21851 条
✅ 已验证 46000/101935 条，有效 22094 条
✅ 已验证 46500/101935 条，有效 22328 条
✅ 已验证 47000/101935 条，有效 22510 条
✅ 已验证 47500/101935 条，有效 22663 条
✅ 已验证 48000/101935 条，有效 22896 条
✅ 已验证 48500/101935 条，有效 23040 条
✅ 已验证 49000/101935 条，有效 23266 条
✅ 已验证 49500/101935 条，有效 23509 条
✅ 已验证 50000/101935 条，有效 23764 条
✅ 已验证 50500/101935 条，有效 24014 条
✅ 已验证 51000/101935 条，有效 24249 条
✅ 已验证 51500/101935 条，有效 24481 条
✅ 已验证 52000/101935 条，有效 24719 条
✅ 已验证 52500/101935 条，有效 24924 条
✅ 已验证 53000/101935 条，有效 25032 条
✅ 已验证 53500/101935 条，有效 25330 条
✅ 已验证 54000/101935 条，有效 25545 条
✅ 已验证 54500/101935 条，有效 25784 条
✅ 已验证 55000/101935 条，有效 26009 条
✅ 已验证 55500/101935 条，有效 26233 条
✅ 已验证 56000/101935 条，有效 26526 条
✅ 已验证 56500/101935 条，有效 26819 条
✅ 已验证 57000/101935 条，有效 27084 条
✅ 已验证 57500/101935 条，有效 27281 条
✅ 已验证 58000/101935 条，有效 27522 条
✅ 已验证 58500/101935 条，有效 27784 条
✅ 已验证 59000/101935 条，有效 28019 条
✅ 已验证 59500/101935 条，有效 28205 条
✅ 已验证 60000/101935 条，有效 28393 条
✅ 已验证 60500/101935 条，有效 28515 条
✅ 已验证 61000/101935 条，有效 28714 条
✅ 已验证 61500/101935 条，有效 29080 条
✅ 已验证 62000/101935 条，有效 29578 条
✅ 已验证 62500/101935 条，有效 30072 条
✅ 已验证 63000/101935 条，有效 30320 条
✅ 已验证 63500/101935 条，有效 30601 条
✅ 已验证 64000/101935 条，有效 30909 条
✅ 已验证 64500/101935 条，有效 31132 条
✅ 已验证 65000/101935 条，有效 31380 条
✅ 已验证 65500/101935 条，有效 31590 条
✅ 已验证 66000/101935 条，有效 31811 条
✅ 已验证 66500/101935 条，有效 32054 条
✅ 已验证 67000/101935 条，有效 32258 条
✅ 已验证 67500/101935 条，有效 32440 条
✅ 已验证 68000/101935 条，有效 32589 条
✅ 已验证 68500/101935 条，有效 32789 条
✅ 已验证 69000/101935 条，有效 32980 条
✅ 已验证 69500/101935 条，有效 33139 条
✅ 已验证 70000/101935 条，有效 33221 条
✅ 已验证 70500/101935 条，有效 33348 条
✅ 已验证 71000/101935 条，有效 33672 条
✅ 已验证 71500/101935 条，有效 34105 条
✅ 已验证 72000/101935 条，有效 34506 条
✅ 已验证 72500/101935 条，有效 34913 条
✅ 已验证 73000/101935 条，有效 35236 条
✅ 已验证 73500/101935 条，有效 35520 条
✅ 已验证 74000/101935 条，有效 35789 条
✅ 已验证 74500/101935 条，有效 36055 条
✅ 已验证 75000/101935 条，有效 36191 条
✅ 已验证 75500/101935 条，有效 36406 条
✅ 已验证 76000/101935 条，有效 36689 条
✅ 已验证 76500/101935 条，有效 36921 条
✅ 已验证 77000/101935 条，有效 37118 条
✅ 已验证 77500/101935 条，有效 37292 条
✅ 已验证 78000/101935 条，有效 37534 条
✅ 已验证 78500/101935 条，有效 37822 条
✅ 已验证 79000/101935 条，有效 38037 条
✅ 已验证 79500/101935 条，有效 38258 条
✅ 已验证 80000/101935 条，有效 38504 条
✅ 已验证 80500/101935 条，有效 38981 条
✅ 已验证 81000/101935 条，有效 39267 条
✅ 已验证 81500/101935 条，有效 39512 条
✅ 已验证 82000/101935 条，有效 39770 条
✅ 已验证 82500/101935 条，有效 40002 条
✅ 已验证 83000/101935 条，有效 40242 条
✅ 已验证 83500/101935 条，有效 40519 条
✅ 已验证 84000/101935 条，有效 40778 条
✅ 已验证 84500/101935 条，有效 41029 条
✅ 已验证 85000/101935 条，有效 41389 条
✅ 已验证 85500/101935 条，有效 41660 条
✅ 已验证 86000/101935 条，有效 41915 条
✅ 已验证 86500/101935 条，有效 42163 条
✅ 已验证 87000/101935 条，有效 42431 条
✅ 已验证 87500/101935 条，有效 42763 条
✅ 已验证 88000/101935 条，有效 43102 条
✅ 已验证 88500/101935 条，有效 43444 条
✅ 已验证 89000/101935 条，有效 43775 条
✅ 已验证 89500/101935 条，有效 44027 条
✅ 已验证 90000/101935 条，有效 44204 条
✅ 已验证 90500/101935 条，有效 44446 条
✅ 已验证 91000/101935 条，有效 44686 条
✅ 已验证 91500/101935 条，有效 44900 条
✅ 已验证 92000/101935 条，有效 45136 条
✅ 已验证 92500/101935 条，有效 45374 条
✅ 已验证 93000/101935 条，有效 45604 条
✅ 已验证 93500/101935 条，有效 45804 条
✅ 已验证 94000/101935 条，有效 46020 条
✅ 已验证 94500/101935 条，有效 46211 条
✅ 已验证 95000/101935 条，有效 46469 条
✅ 已验证 95500/101935 条，有效 46680 条
✅ 已验证 96000/101935 条，有效 46851 条
✅ 已验证 96500/101935 条，有效 47114 条
✅ 已验证 97000/101935 条，有效 47295 条
✅ 已验证 97500/101935 条，有效 47396 条
✅ 已验证 98000/101935 条，有效 47431 条
✅ 已验证 98500/101935 条，有效 47483 条
✅ 已验证 99000/101935 条，有效 47598 条
✅ 已验证 99500/101935 条，有效 47849 条
✅ 已验证 100000/101935 条，有效 48082 条
✅ 已验证 100500/101935 条，有效 48278 条
✅ 已验证 101000/101935 条，有效 48470 条
✅ 已验证 101500/101935 条，有效 48699 条
✅ 分片验证完成，有效 48822 条
✅ 分片 3 验证完成 → dist/validated_part_3.txt
