⏱ 开始验证分片 10，共 101882 条规则
🚀 启动 50 并发验证
✅ 已验证 500/101882 条，有效 220 条
✅ 已验证 1000/101882 条，有效 421 条
✅ 已验证 1500/101882 条，有效 622 条
✅ 已验证 2000/101882 条，有效 814 条
✅ 已验证 2500/101882 条，有效 1054 条
✅ 已验证 3000/101882 条，有效 1322 条
✅ 已验证 3500/101882 条，有效 1551 条
✅ 已验证 4000/101882 条，有效 1742 条
✅ 已验证 4500/101882 条，有效 1967 条
✅ 已验证 5000/101882 条，有效 2186 条
✅ 已验证 5500/101882 条，有效 2352 条
✅ 已验证 6000/101882 条，有效 2586 条
✅ 已验证 6500/101882 条，有效 2752 条
✅ 已验证 7000/101882 条，有效 2955 条
✅ 已验证 7500/101882 条，有效 3181 条
✅ 已验证 8000/101882 条，有效 3481 条
✅ 已验证 8500/101882 条，有效 3728 条
✅ 已验证 9000/101882 条，有效 3985 条
✅ 已验证 9500/101882 条，有效 4205 条
✅ 已验证 10000/101882 条，有效 4469 条
✅ 已验证 10500/101882 条，有效 4716 条
✅ 已验证 11000/101882 条，有效 4944 条
✅ 已验证 11500/101882 条，有效 5151 条
✅ 已验证 12000/101882 条，有效 5296 条
✅ 已验证 12500/101882 条，有效 5401 条
✅ 已验证 13000/101882 条，有效 5532 条
✅ 已验证 13500/101882 条，有效 5586 条
✅ 已验证 14000/101882 条，有效 5660 条
✅ 已验证 14500/101882 条，有效 5743 条
✅ 已验证 15000/101882 条，有效 5810 条
✅ 已验证 15500/101882 条，有效 5880 条
✅ 已验证 16000/101882 条，有效 5938 条
✅ 已验证 16500/101882 条，有效 5983 条
✅ 已验证 17000/101882 条，有效 6066 条
✅ 已验证 17500/101882 条，有效 6150 条
✅ 已验证 18000/101882 条，有效 6217 条
✅ 已验证 18500/101882 条，有效 6314 条
✅ 已验证 19000/101882 条，有效 6412 条
✅ 已验证 19500/101882 条，有效 6488 条
✅ 已验证 20000/101882 条，有效 6575 条
✅ 已验证 20500/101882 条，有效 6680 条
✅ 已验证 21000/101882 条，有效 6755 条
✅ 已验证 21500/101882 条，有效 6880 条
✅ 已验证 22000/101882 条，有效 7072 条
✅ 已验证 22500/101882 条，有效 7294 条
✅ 已验证 23000/101882 条，有效 7541 条
✅ 已验证 23500/101882 条，有效 7854 条
✅ 已验证 24000/101882 条，有效 8346 条
✅ 已验证 24500/101882 条，有效 8833 条
✅ 已验证 25000/101882 条，有效 9285 条
✅ 已验证 25500/101882 条，有效 9759 条
✅ 已验证 26000/101882 条，有效 10055 条
✅ 已验证 26500/101882 条，有效 10323 条
✅ 已验证 27000/101882 条，有效 10578 条
✅ 已验证 27500/101882 条，有效 10803 条
✅ 已验证 28000/101882 条，有效 11079 条
✅ 已验证 28500/101882 条，有效 11290 条
✅ 已验证 29000/101882 条，有效 11504 条
✅ 已验证 29500/101882 条，有效 11742 条
✅ 已验证 30000/101882 条，有效 11940 条
✅ 已验证 30500/101882 条，有效 12175 条
✅ 已验证 31000/101882 条，有效 12381 条
✅ 已验证 31500/101882 条，有效 12564 条
✅ 已验证 32000/101882 条，有效 12745 条
✅ 已验证 32500/101882 条，有效 12923 条
✅ 已验证 33000/101882 条，有效 13098 条
✅ 已验证 33500/101882 条，有效 13271 条
✅ 已验证 34000/101882 条，有效 13482 条
✅ 已验证 34500/101882 条，有效 13706 条
✅ 已验证 35000/101882 条，有效 14026 条
✅ 已验证 35500/101882 条，有效 14367 条
✅ 已验证 36000/101882 条，有效 14616 条
✅ 已验证 36500/101882 条，有效 14762 条
✅ 已验证 37000/101882 条，有效 14907 条
✅ 已验证 37500/101882 条，有效 15109 条
✅ 已验证 38000/101882 条，有效 15322 条
✅ 已验证 38500/101882 条，有效 15499 条
✅ 已验证 39000/101882 条，有效 15727 条
✅ 已验证 39500/101882 条，有效 15895 条
✅ 已验证 40000/101882 条，有效 16173 条
✅ 已验证 40500/101882 条，有效 16370 条
✅ 已验证 41000/101882 条，有效 16620 条
✅ 已验证 41500/101882 条，有效 16845 条
✅ 已验证 42000/101882 条，有效 17083 条
✅ 已验证 42500/101882 条，有效 17298 条
✅ 已验证 43000/101882 条，有效 17510 条
✅ 已验证 43500/101882 条，有效 17738 条
✅ 已验证 44000/101882 条，有效 17888 条
✅ 已验证 44500/101882 条，有效 18110 条
✅ 已验证 45000/101882 条，有效 18372 条
✅ 已验证 45500/101882 条，有效 18533 条
✅ 已验证 46000/101882 条，有效 18721 条
✅ 已验证 46500/101882 条，有效 18929 条
✅ 已验证 47000/101882 条，有效 19147 条
✅ 已验证 47500/101882 条，有效 19323 条
✅ 已验证 48000/101882 条，有效 19528 条
✅ 已验证 48500/101882 条，有效 19806 条
✅ 已验证 49000/101882 条，有效 20033 条
✅ 已验证 49500/101882 条，有效 20473 条
✅ 已验证 50000/101882 条，有效 20739 条
✅ 已验证 50500/101882 条，有效 20978 条
✅ 已验证 51000/101882 条，有效 21242 条
✅ 已验证 51500/101882 条，有效 21500 条
✅ 已验证 52000/101882 条，有效 21735 条
✅ 已验证 52500/101882 条，有效 21944 条
✅ 已验证 53000/101882 条，有效 22180 条
✅ 已验证 53500/101882 条，有效 22423 条
✅ 已验证 54000/101882 条，有效 22644 条
✅ 已验证 54500/101882 条，有效 22859 条
✅ 已验证 55000/101882 条，有效 23156 条
✅ 已验证 55500/101882 条，有效 23462 条
✅ 已验证 56000/101882 条，有效 23874 条
✅ 已验证 56500/101882 条，有效 24084 条
✅ 已验证 57000/101882 条，有效 24333 条
✅ 已验证 57500/101882 条，有效 24571 条
✅ 已验证 58000/101882 条，有效 24758 条
✅ 已验证 58500/101882 条，有效 24983 条
✅ 已验证 59000/101882 条，有效 25223 条
✅ 已验证 59500/101882 条，有效 25457 条
✅ 已验证 60000/101882 条，有效 25733 条
✅ 已验证 60500/101882 条，有效 25944 条
✅ 已验证 61000/101882 条，有效 26019 条
✅ 已验证 61500/101882 条，有效 26280 条
✅ 已验证 62000/101882 条，有效 26505 条
✅ 已验证 62500/101882 条，有效 26744 条
✅ 已验证 63000/101882 条，有效 26995 条
✅ 已验证 63500/101882 条，有效 27253 条
✅ 已验证 64000/101882 条，有效 27488 条
✅ 已验证 64500/101882 条，有效 27725 条
✅ 已验证 65000/101882 条，有效 27964 条
✅ 已验证 65500/101882 条，有效 28205 条
✅ 已验证 66000/101882 条，有效 28445 条
✅ 已验证 66500/101882 条，有效 28706 条
✅ 已验证 67000/101882 条，有效 28864 条
✅ 已验证 67500/101882 条，有效 29091 条
✅ 已验证 68000/101882 条，有效 29413 条
✅ 已验证 68500/101882 条，有效 29864 条
✅ 已验证 69000/101882 条，有效 30219 条
✅ 已验证 69500/101882 条，有效 30532 条
✅ 已验证 70000/101882 条，有效 30825 条
✅ 已验证 70500/101882 条，有效 31075 条
✅ 已验证 71000/101882 条，有效 31262 条
✅ 已验证 71500/101882 条，有效 31470 条
✅ 已验证 72000/101882 条，有效 31702 条
✅ 已验证 72500/101882 条，有效 31947 条
✅ 已验证 73000/101882 条，有效 32331 条
✅ 已验证 73500/101882 条，有效 32672 条
✅ 已验证 74000/101882 条，有效 32953 条
✅ 已验证 74500/101882 条，有效 33202 条
✅ 已验证 75000/101882 条，有效 33480 条
✅ 已验证 75500/101882 条，有效 33765 条
✅ 已验证 76000/101882 条，有效 34052 条
✅ 已验证 76500/101882 条，有效 34170 条
✅ 已验证 77000/101882 条，有效 34257 条
✅ 已验证 77500/101882 条，有效 34258 条
✅ 已验证 78000/101882 条，有效 34258 条
✅ 已验证 78500/101882 条，有效 34258 条
✅ 已验证 79000/101882 条，有效 34370 条
✅ 已验证 79500/101882 条，有效 34590 条
✅ 已验证 80000/101882 条，有效 34840 条
✅ 已验证 80500/101882 条，有效 35085 条
✅ 已验证 81000/101882 条，有效 35393 条
✅ 已验证 81500/101882 条，有效 35700 条
✅ 已验证 82000/101882 条，有效 35903 条
✅ 已验证 82500/101882 条，有效 36116 条
✅ 已验证 83000/101882 条，有效 36337 条
✅ 已验证 83500/101882 条，有效 36535 条
✅ 已验证 84000/101882 条，有效 36586 条
✅ 已验证 84500/101882 条，有效 36817 条
✅ 已验证 85000/101882 条，有效 37059 条
✅ 已验证 85500/101882 条，有效 37277 条
✅ 已验证 86000/101882 条，有效 37430 条
✅ 已验证 86500/101882 条，有效 37683 条
✅ 已验证 87000/101882 条，有效 37781 条
✅ 已验证 87500/101882 条，有效 38005 条
✅ 已验证 88000/101882 条，有效 38255 条
✅ 已验证 88500/101882 条，有效 38489 条
✅ 已验证 89000/101882 条，有效 38735 条
✅ 已验证 89500/101882 条，有效 39014 条
✅ 已验证 90000/101882 条，有效 39293 条
✅ 已验证 90500/101882 条，有效 39586 条
✅ 已验证 91000/101882 条，有效 39772 条
✅ 已验证 91500/101882 条，有效 39986 条
✅ 已验证 92000/101882 条，有效 40146 条
✅ 已验证 92500/101882 条，有效 40296 条
✅ 已验证 93000/101882 条，有效 40644 条
✅ 已验证 93500/101882 条，有效 40848 条
✅ 已验证 94000/101882 条，有效 41050 条
✅ 已验证 94500/101882 条，有效 41186 条
✅ 已验证 95000/101882 条，有效 41198 条
✅ 已验证 95500/101882 条，有效 41198 条
✅ 已验证 96000/101882 条，有效 41218 条
✅ 已验证 96500/101882 条，有效 41290 条
✅ 已验证 97000/101882 条，有效 41471 条
✅ 已验证 97500/101882 条，有效 41694 条
✅ 已验证 98000/101882 条，有效 41940 条
✅ 已验证 98500/101882 条，有效 42174 条
✅ 已验证 99000/101882 条，有效 42422 条
✅ 已验证 99500/101882 条，有效 42664 条
✅ 已验证 100000/101882 条，有效 42888 条
✅ 已验证 100500/101882 条，有效 43122 条
✅ 已验证 101000/101882 条，有效 43503 条
✅ 已验证 101500/101882 条，有效 43973 条
✅ 分片验证完成，有效 44337 条
✅ 分片 10 验证完成 → dist/validated_part_10.txt
