⏱ 开始验证分片 13，共 101954 条规则
🚀 启动 50 并发验证
✅ 已验证 500/101954 条，有效 218 条
✅ 已验证 1000/101954 条，有效 415 条
✅ 已验证 1500/101954 条，有效 623 条
✅ 已验证 2000/101954 条，有效 804 条
✅ 已验证 2500/101954 条，有效 993 条
✅ 已验证 3000/101954 条，有效 1016 条
✅ 已验证 3500/101954 条，有效 1018 条
✅ 已验证 4000/101954 条，有效 1018 条
✅ 已验证 4500/101954 条，有效 1020 条
✅ 已验证 5000/101954 条，有效 1020 条
✅ 已验证 5500/101954 条，有效 1025 条
✅ 已验证 6000/101954 条，有效 1026 条
✅ 已验证 6500/101954 条，有效 1158 条
✅ 已验证 7000/101954 条，有效 1331 条
✅ 已验证 7500/101954 条，有效 1545 条
✅ 已验证 8000/101954 条，有效 1751 条
✅ 已验证 8500/101954 条，有效 1982 条
✅ 已验证 9000/101954 条，有效 2182 条
✅ 已验证 9500/101954 条，有效 2413 条
✅ 已验证 10000/101954 条，有效 2622 条
✅ 已验证 10500/101954 条，有效 2868 条
✅ 已验证 11000/101954 条，有效 3121 条
✅ 已验证 11500/101954 条，有效 3307 条
✅ 已验证 12000/101954 条，有效 3575 条
✅ 已验证 12500/101954 条，有效 3727 条
✅ 已验证 13000/101954 条，有效 3942 条
✅ 已验证 13500/101954 条，有效 4157 条
✅ 已验证 14000/101954 条，有效 4383 条
✅ 已验证 14500/101954 条，有效 4587 条
✅ 已验证 15000/101954 条，有效 4829 条
✅ 已验证 15500/101954 条，有效 5011 条
✅ 已验证 16000/101954 条，有效 5221 条
✅ 已验证 16500/101954 条，有效 5448 条
✅ 已验证 17000/101954 条，有效 5623 条
✅ 已验证 17500/101954 条，有效 5795 条
✅ 已验证 18000/101954 条，有效 5917 条
✅ 已验证 18500/101954 条，有效 6098 条
✅ 已验证 19000/101954 条，有效 6275 条
✅ 已验证 19500/101954 条，有效 6475 条
✅ 已验证 20000/101954 条，有效 6717 条
✅ 已验证 20500/101954 条，有效 6946 条
✅ 已验证 21000/101954 条，有效 7176 条
✅ 已验证 21500/101954 条，有效 7351 条
✅ 已验证 22000/101954 条，有效 7403 条
✅ 已验证 22500/101954 条，有效 7531 条
✅ 已验证 23000/101954 条，有效 7709 条
✅ 已验证 23500/101954 条，有效 7863 条
✅ 已验证 24000/101954 条，有效 8105 条
✅ 已验证 24500/101954 条，有效 8316 条
✅ 已验证 25000/101954 条，有效 8491 条
✅ 已验证 25500/101954 条，有效 8711 条
✅ 已验证 26000/101954 条，有效 8931 条
✅ 已验证 26500/101954 条，有效 9141 条
✅ 已验证 27000/101954 条，有效 9334 条
✅ 已验证 27500/101954 条，有效 9507 条
✅ 已验证 28000/101954 条，有效 9714 条
✅ 已验证 28500/101954 条，有效 9925 条
✅ 已验证 29000/101954 条，有效 10121 条
✅ 已验证 29500/101954 条，有效 10358 条
✅ 已验证 30000/101954 条，有效 10586 条
✅ 已验证 30500/101954 条，有效 10776 条
✅ 已验证 31000/101954 条，有效 10933 条
✅ 已验证 31500/101954 条，有效 11149 条
✅ 已验证 32000/101954 条，有效 11342 条
✅ 已验证 32500/101954 条，有效 11547 条
✅ 已验证 33000/101954 条，有效 11594 条
✅ 已验证 33500/101954 条，有效 11786 条
✅ 已验证 34000/101954 条，有效 11977 条
✅ 已验证 34500/101954 条，有效 12123 条
✅ 已验证 35000/101954 条，有效 12233 条
✅ 已验证 35500/101954 条，有效 12363 条
✅ 已验证 36000/101954 条，有效 12496 条
✅ 已验证 36500/101954 条，有效 12609 条
✅ 已验证 37000/101954 条，有效 12975 条
✅ 已验证 37500/101954 条，有效 13145 条
✅ 已验证 38000/101954 条，有效 13314 条
✅ 已验证 38500/101954 条，有效 13462 条
✅ 已验证 39000/101954 条，有效 13575 条
✅ 已验证 39500/101954 条，有效 13685 条
✅ 已验证 40000/101954 条，有效 13789 条
✅ 已验证 40500/101954 条，有效 13898 条
✅ 已验证 41000/101954 条，有效 13998 条
✅ 已验证 41500/101954 条，有效 14129 条
✅ 已验证 42000/101954 条，有效 14291 条
✅ 已验证 42500/101954 条，有效 14490 条
✅ 已验证 43000/101954 条，有效 14662 条
✅ 已验证 43500/101954 条，有效 14701 条
✅ 已验证 44000/101954 条，有效 14828 条
✅ 已验证 44500/101954 条，有效 15020 条
✅ 已验证 45000/101954 条，有效 15156 条
✅ 已验证 45500/101954 条，有效 15371 条
✅ 已验证 46000/101954 条，有效 15602 条
✅ 已验证 46500/101954 条，有效 15753 条
✅ 已验证 47000/101954 条，有效 16019 条
✅ 已验证 47500/101954 条，有效 16242 条
✅ 已验证 48000/101954 条，有效 16450 条
✅ 已验证 48500/101954 条，有效 16675 条
✅ 已验证 49000/101954 条，有效 16863 条
✅ 已验证 49500/101954 条，有效 17065 条
✅ 已验证 50000/101954 条，有效 17196 条
✅ 已验证 50500/101954 条，有效 17199 条
✅ 已验证 51000/101954 条，有效 17346 条
✅ 已验证 51500/101954 条，有效 17354 条
✅ 已验证 52000/101954 条，有效 17354 条
✅ 已验证 52500/101954 条，有效 17354 条
✅ 已验证 53000/101954 条，有效 17358 条
✅ 已验证 53500/101954 条，有效 17402 条
✅ 已验证 54000/101954 条，有效 17406 条
✅ 已验证 54500/101954 条，有效 17406 条
✅ 已验证 55000/101954 条，有效 17406 条
✅ 已验证 55500/101954 条，有效 17505 条
✅ 已验证 56000/101954 条，有效 17714 条
✅ 已验证 56500/101954 条，有效 17908 条
✅ 已验证 57000/101954 条，有效 18110 条
✅ 已验证 57500/101954 条，有效 18349 条
✅ 已验证 58000/101954 条，有效 18507 条
✅ 已验证 58500/101954 条，有效 18726 条
✅ 已验证 59000/101954 条，有效 18926 条
✅ 已验证 59500/101954 条，有效 19116 条
✅ 已验证 60000/101954 条，有效 19342 条
✅ 已验证 60500/101954 条，有效 19492 条
✅ 已验证 61000/101954 条，有效 19635 条
✅ 已验证 61500/101954 条，有效 19734 条
✅ 已验证 62000/101954 条，有效 19937 条
✅ 已验证 62500/101954 条，有效 20040 条
✅ 已验证 63000/101954 条，有效 20105 条
✅ 已验证 63500/101954 条，有效 20185 条
✅ 已验证 64000/101954 条，有效 20286 条
✅ 已验证 64500/101954 条，有效 20368 条
✅ 已验证 65000/101954 条，有效 20488 条
✅ 已验证 65500/101954 条，有效 20598 条
✅ 已验证 66000/101954 条，有效 20824 条
✅ 已验证 66500/101954 条，有效 21072 条
✅ 已验证 67000/101954 条，有效 21292 条
✅ 已验证 67500/101954 条，有效 21523 条
✅ 已验证 68000/101954 条，有效 21723 条
✅ 已验证 68500/101954 条，有效 21916 条
✅ 已验证 69000/101954 条，有效 22136 条
✅ 已验证 69500/101954 条，有效 22367 条
✅ 已验证 70000/101954 条，有效 22545 条
✅ 已验证 70500/101954 条，有效 22781 条
✅ 已验证 71000/101954 条，有效 22981 条
✅ 已验证 71500/101954 条，有效 23188 条
✅ 已验证 72000/101954 条，有效 23352 条
✅ 已验证 72500/101954 条，有效 23554 条
✅ 已验证 73000/101954 条，有效 23737 条
✅ 已验证 73500/101954 条，有效 23900 条
✅ 已验证 74000/101954 条，有效 24070 条
✅ 已验证 74500/101954 条，有效 24272 条
✅ 已验证 75000/101954 条，有效 24447 条
✅ 已验证 75500/101954 条，有效 24634 条
✅ 已验证 76000/101954 条，有效 24840 条
✅ 已验证 76500/101954 条，有效 24986 条
✅ 已验证 77000/101954 条，有效 25143 条
✅ 已验证 77500/101954 条，有效 25241 条
✅ 已验证 78000/101954 条，有效 25373 条
✅ 已验证 78500/101954 条，有效 25531 条
✅ 已验证 79000/101954 条，有效 25699 条
✅ 已验证 79500/101954 条，有效 25911 条
✅ 已验证 80000/101954 条，有效 26101 条
✅ 已验证 80500/101954 条，有效 26309 条
✅ 已验证 81000/101954 条，有效 26507 条
✅ 已验证 81500/101954 条，有效 26712 条
✅ 已验证 82000/101954 条，有效 26915 条
✅ 已验证 82500/101954 条，有效 27107 条
✅ 已验证 83000/101954 条，有效 27201 条
✅ 已验证 83500/101954 条，有效 27393 条
✅ 已验证 84000/101954 条，有效 27589 条
✅ 已验证 84500/101954 条，有效 27789 条
✅ 已验证 85000/101954 条，有效 27950 条
✅ 已验证 85500/101954 条，有效 28109 条
✅ 已验证 86000/101954 条，有效 28320 条
✅ 已验证 86500/101954 条，有效 28500 条
✅ 已验证 87000/101954 条，有效 28641 条
✅ 已验证 87500/101954 条，有效 28766 条
✅ 已验证 88000/101954 条，有效 28941 条
✅ 已验证 88500/101954 条，有效 29149 条
✅ 已验证 89000/101954 条，有效 29358 条
✅ 已验证 89500/101954 条，有效 29551 条
✅ 已验证 90000/101954 条，有效 29787 条
✅ 已验证 90500/101954 条，有效 30040 条
✅ 已验证 91000/101954 条，有效 30302 条
✅ 已验证 91500/101954 条，有效 30517 条
✅ 已验证 92000/101954 条，有效 30726 条
✅ 已验证 92500/101954 条，有效 30931 条
✅ 已验证 93000/101954 条，有效 31118 条
✅ 已验证 93500/101954 条，有效 31333 条
✅ 已验证 94000/101954 条，有效 31482 条
✅ 已验证 94500/101954 条，有效 31506 条
✅ 已验证 95000/101954 条，有效 31523 条
✅ 已验证 95500/101954 条，有效 31711 条
✅ 已验证 96000/101954 条，有效 31937 条
✅ 已验证 96500/101954 条，有效 32093 条
✅ 已验证 97000/101954 条，有效 32310 条
✅ 已验证 97500/101954 条，有效 32503 条
✅ 已验证 98000/101954 条，有效 32706 条
✅ 已验证 98500/101954 条，有效 32890 条
✅ 已验证 99000/101954 条，有效 33034 条
✅ 已验证 99500/101954 条，有效 33112 条
✅ 已验证 100000/101954 条，有效 33195 条
✅ 已验证 100500/101954 条，有效 33226 条
✅ 已验证 101000/101954 条，有效 33227 条
✅ 已验证 101500/101954 条，有效 33228 条
✅ 分片验证完成，有效 33231 条
✅ 分片 13 验证完成 → dist/validated_part_13.txt
