⏱ 开始验证分片 5，共 101882 条规则
🚀 启动 50 并发验证
✅ 已验证 500/101882 条，有效 284 条
✅ 已验证 1000/101882 条，有效 484 条
✅ 已验证 1500/101882 条，有效 718 条
✅ 已验证 2000/101882 条，有效 934 条
✅ 已验证 2500/101882 条，有效 1201 条
✅ 已验证 3000/101882 条，有效 1410 条
✅ 已验证 3500/101882 条，有效 1599 条
✅ 已验证 4000/101882 条，有效 1836 条
✅ 已验证 4500/101882 条，有效 2006 条
✅ 已验证 5000/101882 条，有效 2191 条
✅ 已验证 5500/101882 条，有效 2413 条
✅ 已验证 6000/101882 条，有效 2667 条
✅ 已验证 6500/101882 条，有效 2947 条
✅ 已验证 7000/101882 条，有效 3184 条
✅ 已验证 7500/101882 条，有效 3391 条
✅ 已验证 8000/101882 条，有效 3598 条
✅ 已验证 8500/101882 条，有效 3794 条
✅ 已验证 9000/101882 条，有效 4108 条
✅ 已验证 9500/101882 条，有效 4407 条
✅ 已验证 10000/101882 条，有效 4675 条
✅ 已验证 10500/101882 条，有效 4937 条
✅ 已验证 11000/101882 条，有效 5198 条
✅ 已验证 11500/101882 条，有效 5514 条
✅ 已验证 12000/101882 条，有效 5795 条
✅ 已验证 12500/101882 条，有效 6063 条
✅ 已验证 13000/101882 条，有效 6290 条
✅ 已验证 13500/101882 条，有效 6510 条
✅ 已验证 14000/101882 条，有效 6773 条
✅ 已验证 14500/101882 条，有效 7125 条
✅ 已验证 15000/101882 条，有效 7341 条
✅ 已验证 15500/101882 条，有效 7614 条
✅ 已验证 16000/101882 条，有效 7906 条
✅ 已验证 16500/101882 条，有效 8135 条
✅ 已验证 17000/101882 条，有效 8399 条
✅ 已验证 17500/101882 条，有效 8659 条
✅ 已验证 18000/101882 条，有效 8966 条
✅ 已验证 18500/101882 条，有效 9283 条
✅ 已验证 19000/101882 条，有效 9711 条
✅ 已验证 19500/101882 条，有效 10199 条
✅ 已验证 20000/101882 条，有效 10698 条
✅ 已验证 20500/101882 条，有效 11197 条
✅ 已验证 21000/101882 条，有效 11696 条
✅ 已验证 21500/101882 条，有效 12193 条
✅ 已验证 22000/101882 条，有效 12692 条
✅ 已验证 22500/101882 条，有效 13190 条
✅ 已验证 23000/101882 条，有效 13687 条
✅ 已验证 23500/101882 条，有效 14184 条
✅ 已验证 24000/101882 条，有效 14680 条
✅ 已验证 24500/101882 条，有效 15178 条
✅ 已验证 25000/101882 条，有效 15673 条
✅ 已验证 25500/101882 条，有效 16169 条
✅ 已验证 26000/101882 条，有效 16668 条
✅ 已验证 26500/101882 条，有效 17167 条
✅ 已验证 27000/101882 条，有效 17666 条
✅ 已验证 27500/101882 条，有效 18165 条
✅ 已验证 28000/101882 条，有效 18662 条
✅ 已验证 28500/101882 条，有效 19161 条
✅ 已验证 29000/101882 条，有效 19661 条
✅ 已验证 29500/101882 条，有效 20160 条
✅ 已验证 30000/101882 条，有效 20659 条
✅ 已验证 30500/101882 条，有效 21155 条
✅ 已验证 31000/101882 条，有效 21654 条
✅ 已验证 31500/101882 条，有效 22150 条
✅ 已验证 32000/101882 条，有效 22649 条
✅ 已验证 32500/101882 条，有效 23148 条
✅ 已验证 33000/101882 条，有效 23645 条
✅ 已验证 33500/101882 条，有效 24143 条
✅ 已验证 34000/101882 条，有效 24633 条
✅ 已验证 34500/101882 条，有效 25126 条
✅ 已验证 35000/101882 条，有效 25626 条
✅ 已验证 35500/101882 条，有效 26125 条
✅ 已验证 36000/101882 条，有效 26623 条
✅ 已验证 36500/101882 条，有效 27123 条
✅ 已验证 37000/101882 条，有效 27619 条
✅ 已验证 37500/101882 条，有效 28117 条
✅ 已验证 38000/101882 条，有效 28615 条
✅ 已验证 38500/101882 条，有效 29114 条
✅ 已验证 39000/101882 条，有效 29613 条
✅ 已验证 39500/101882 条，有效 30113 条
✅ 已验证 40000/101882 条，有效 30613 条
✅ 已验证 40500/101882 条，有效 31112 条
✅ 已验证 41000/101882 条，有效 31611 条
✅ 已验证 41500/101882 条，有效 32111 条
✅ 已验证 42000/101882 条，有效 32610 条
✅ 已验证 42500/101882 条，有效 33109 条
✅ 已验证 43000/101882 条，有效 33609 条
✅ 已验证 43500/101882 条，有效 34109 条
✅ 已验证 44000/101882 条，有效 34608 条
✅ 已验证 44500/101882 条，有效 35108 条
✅ 已验证 45000/101882 条，有效 35606 条
✅ 已验证 45500/101882 条，有效 36100 条
✅ 已验证 46000/101882 条，有效 36600 条
✅ 已验证 46500/101882 条，有效 37100 条
✅ 已验证 47000/101882 条，有效 37598 条
✅ 已验证 47500/101882 条，有效 38094 条
✅ 已验证 48000/101882 条，有效 38593 条
✅ 已验证 48500/101882 条，有效 39092 条
✅ 已验证 49000/101882 条，有效 39592 条
✅ 已验证 49500/101882 条，有效 40091 条
✅ 已验证 50000/101882 条，有效 40588 条
✅ 已验证 50500/101882 条，有效 41086 条
✅ 已验证 51000/101882 条，有效 41586 条
✅ 已验证 51500/101882 条，有效 42083 条
✅ 已验证 52000/101882 条，有效 42581 条
✅ 已验证 52500/101882 条，有效 43079 条
✅ 已验证 53000/101882 条，有效 43416 条
✅ 已验证 53500/101882 条，有效 43699 条
✅ 已验证 54000/101882 条，有效 43959 条
✅ 已验证 54500/101882 条，有效 44141 条
✅ 已验证 55000/101882 条，有效 44395 条
✅ 已验证 55500/101882 条，有效 44669 条
✅ 已验证 56000/101882 条，有效 44994 条
✅ 已验证 56500/101882 条，有效 45255 条
✅ 已验证 57000/101882 条，有效 45477 条
✅ 已验证 57500/101882 条，有效 45724 条
✅ 已验证 58000/101882 条，有效 45974 条
✅ 已验证 58500/101882 条，有效 46251 条
✅ 已验证 59000/101882 条，有效 46519 条
✅ 已验证 59500/101882 条，有效 46804 条
✅ 已验证 60000/101882 条，有效 47060 条
✅ 已验证 60500/101882 条，有效 47307 条
✅ 已验证 61000/101882 条，有效 47326 条
✅ 已验证 61500/101882 条，有效 47327 条
✅ 已验证 62000/101882 条，有效 47327 条
✅ 已验证 62500/101882 条，有效 47328 条
✅ 已验证 63000/101882 条，有效 47335 条
✅ 已验证 63500/101882 条，有效 47336 条
✅ 已验证 64000/101882 条，有效 47460 条
✅ 已验证 64500/101882 条，有效 47768 条
✅ 已验证 65000/101882 条，有效 48026 条
✅ 已验证 65500/101882 条，有效 48314 条
✅ 已验证 66000/101882 条，有效 48600 条
✅ 已验证 66500/101882 条，有效 48828 条
✅ 已验证 67000/101882 条，有效 49001 条
✅ 已验证 67500/101882 条，有效 49212 条
✅ 已验证 68000/101882 条，有效 49460 条
✅ 已验证 68500/101882 条，有效 49735 条
✅ 已验证 69000/101882 条，有效 49993 条
✅ 已验证 69500/101882 条，有效 50251 条
✅ 已验证 70000/101882 条，有效 50539 条
✅ 已验证 70500/101882 条，有效 50899 条
✅ 已验证 71000/101882 条，有效 51148 条
✅ 已验证 71500/101882 条，有效 51442 条
✅ 已验证 72000/101882 条，有效 51725 条
✅ 已验证 72500/101882 条，有效 51965 条
✅ 已验证 73000/101882 条，有效 52210 条
✅ 已验证 73500/101882 条，有效 52467 条
✅ 已验证 74000/101882 条，有效 52702 条
✅ 已验证 74500/101882 条，有效 52938 条
✅ 已验证 75000/101882 条，有效 53174 条
✅ 已验证 75500/101882 条，有效 53391 条
✅ 已验证 76000/101882 条，有效 53639 条
✅ 已验证 76500/101882 条，有效 53803 条
✅ 已验证 77000/101882 条，有效 53974 条
✅ 已验证 77500/101882 条，有效 54189 条
✅ 已验证 78000/101882 条，有效 54343 条
✅ 已验证 78500/101882 条，有效 54462 条
✅ 已验证 79000/101882 条，有效 54710 条
✅ 已验证 79500/101882 条，有效 54818 条
✅ 已验证 80000/101882 条，有效 54820 条
✅ 已验证 80500/101882 条，有效 54820 条
✅ 已验证 81000/101882 条，有效 54820 条
✅ 已验证 81500/101882 条，有效 54821 条
✅ 已验证 82000/101882 条，有效 54821 条
✅ 已验证 82500/101882 条，有效 55024 条
✅ 已验证 83000/101882 条，有效 55260 条
✅ 已验证 83500/101882 条，有效 55510 条
✅ 已验证 84000/101882 条，有效 55734 条
✅ 已验证 84500/101882 条，有效 55979 条
✅ 已验证 85000/101882 条，有效 56353 条
✅ 已验证 85500/101882 条，有效 56512 条
✅ 已验证 86000/101882 条，有效 56576 条
✅ 已验证 86500/101882 条，有效 56654 条
✅ 已验证 87000/101882 条，有效 56755 条
✅ 已验证 87500/101882 条，有效 56869 条
✅ 已验证 88000/101882 条，有效 57067 条
✅ 已验证 88500/101882 条，有效 57240 条
✅ 已验证 89000/101882 条，有效 57433 条
✅ 已验证 89500/101882 条，有效 57653 条
✅ 已验证 90000/101882 条，有效 57899 条
✅ 已验证 90500/101882 条，有效 58270 条
✅ 已验证 91000/101882 条，有效 58498 条
✅ 已验证 91500/101882 条，有效 58736 条
✅ 已验证 92000/101882 条，有效 59011 条
✅ 已验证 92500/101882 条，有效 59210 条
✅ 已验证 93000/101882 条，有效 59382 条
✅ 已验证 93500/101882 条，有效 59652 条
✅ 已验证 94000/101882 条，有效 59879 条
✅ 已验证 94500/101882 条，有效 60160 条
✅ 已验证 95000/101882 条，有效 60451 条
✅ 已验证 95500/101882 条，有效 60686 条
✅ 已验证 96000/101882 条，有效 61041 条
✅ 已验证 96500/101882 条，有效 61272 条
✅ 已验证 97000/101882 条，有效 61530 条
✅ 已验证 97500/101882 条，有效 61681 条
✅ 已验证 98000/101882 条，有效 61868 条
✅ 已验证 98500/101882 条，有效 62186 条
✅ 已验证 99000/101882 条，有效 62329 条
✅ 已验证 99500/101882 条，有效 62532 条
✅ 已验证 100000/101882 条，有效 62769 条
✅ 已验证 100500/101882 条，有效 62867 条
✅ 已验证 101000/101882 条，有效 62915 条
✅ 已验证 101500/101882 条，有效 63020 条
✅ 分片验证完成，有效 63214 条
✅ 分片 5 验证完成 → dist/validated_part_5.txt
