⏱ 开始验证分片 16，共 101929 条规则
🚀 启动 50 并发验证
✅ 已验证 500/101929 条，有效 177 条
✅ 已验证 1000/101929 条，有效 392 条
✅ 已验证 1500/101929 条，有效 559 条
✅ 已验证 2000/101929 条，有效 763 条
✅ 已验证 2500/101929 条，有效 947 条
✅ 已验证 3000/101929 条，有效 955 条
✅ 已验证 3500/101929 条，有效 956 条
✅ 已验证 4000/101929 条，有效 959 条
✅ 已验证 4500/101929 条，有效 996 条
✅ 已验证 5000/101929 条，有效 1009 条
✅ 已验证 5500/101929 条，有效 1084 条
✅ 已验证 6000/101929 条，有效 1242 条
✅ 已验证 6500/101929 条，有效 1355 条
✅ 已验证 7000/101929 条，有效 1533 条
✅ 已验证 7500/101929 条，有效 1716 条
✅ 已验证 8000/101929 条，有效 1882 条
✅ 已验证 8500/101929 条，有效 1896 条
✅ 已验证 9000/101929 条，有效 1984 条
✅ 已验证 9500/101929 条，有效 2164 条
✅ 已验证 10000/101929 条，有效 2326 条
✅ 已验证 10500/101929 条，有效 2527 条
✅ 已验证 11000/101929 条，有效 2710 条
✅ 已验证 11500/101929 条，有效 2741 条
✅ 已验证 12000/101929 条，有效 2743 条
✅ 已验证 12500/101929 条，有效 2744 条
✅ 已验证 13000/101929 条，有效 2757 条
✅ 已验证 13500/101929 条，有效 2762 条
✅ 已验证 14000/101929 条，有效 2813 条
✅ 已验证 14500/101929 条，有效 2999 条
✅ 已验证 15000/101929 条，有效 3212 条
✅ 已验证 15500/101929 条，有效 3448 条
✅ 已验证 16000/101929 条，有效 3626 条
✅ 已验证 16500/101929 条，有效 3796 条
✅ 已验证 17000/101929 条，有效 3893 条
✅ 已验证 17500/101929 条，有效 4038 条
✅ 已验证 18000/101929 条，有效 4106 条
✅ 已验证 18500/101929 条，有效 4279 条
✅ 已验证 19000/101929 条，有效 4406 条
✅ 已验证 19500/101929 条，有效 4516 条
✅ 已验证 20000/101929 条，有效 4681 条
✅ 已验证 20500/101929 条，有效 4860 条
✅ 已验证 21000/101929 条，有效 5037 条
✅ 已验证 21500/101929 条，有效 5189 条
✅ 已验证 22000/101929 条，有效 5329 条
✅ 已验证 22500/101929 条，有效 5509 条
✅ 已验证 23000/101929 条，有效 5624 条
✅ 已验证 23500/101929 条，有效 5803 条
✅ 已验证 24000/101929 条，有效 5993 条
✅ 已验证 24500/101929 条，有效 6240 条
✅ 已验证 25000/101929 条，有效 6449 条
✅ 已验证 25500/101929 条，有效 6654 条
✅ 已验证 26000/101929 条，有效 6868 条
✅ 已验证 26500/101929 条，有效 7067 条
✅ 已验证 27000/101929 条，有效 7262 条
✅ 已验证 27500/101929 条，有效 7423 条
✅ 已验证 28000/101929 条，有效 7630 条
✅ 已验证 28500/101929 条，有效 7772 条
✅ 已验证 29000/101929 条，有效 7913 条
✅ 已验证 29500/101929 条，有效 8091 条
✅ 已验证 30000/101929 条，有效 8298 条
✅ 已验证 30500/101929 条，有效 8405 条
✅ 已验证 31000/101929 条，有效 8521 条
✅ 已验证 31500/101929 条，有效 8649 条
✅ 已验证 32000/101929 条，有效 8764 条
✅ 已验证 32500/101929 条，有效 8904 条
✅ 已验证 33000/101929 条，有效 9092 条
✅ 已验证 33500/101929 条，有效 9324 条
✅ 已验证 34000/101929 条，有效 9531 条
✅ 已验证 34500/101929 条，有效 9688 条
✅ 已验证 35000/101929 条，有效 9793 条
✅ 已验证 35500/101929 条，有效 9947 条
✅ 已验证 36000/101929 条，有效 10177 条
✅ 已验证 36500/101929 条，有效 10386 条
✅ 已验证 37000/101929 条，有效 10547 条
✅ 已验证 37500/101929 条，有效 10799 条
✅ 已验证 38000/101929 条，有效 10966 条
✅ 已验证 38500/101929 条，有效 11140 条
✅ 已验证 39000/101929 条，有效 11291 条
✅ 已验证 39500/101929 条，有效 11462 条
✅ 已验证 40000/101929 条，有效 11620 条
✅ 已验证 40500/101929 条，有效 11626 条
✅ 已验证 41000/101929 条，有效 11628 条
✅ 已验证 41500/101929 条，有效 11628 条
✅ 已验证 42000/101929 条，有效 11628 条
✅ 已验证 42500/101929 条，有效 11628 条
✅ 已验证 43000/101929 条，有效 11632 条
✅ 已验证 43500/101929 条，有效 11632 条
✅ 已验证 44000/101929 条，有效 11709 条
✅ 已验证 44500/101929 条，有效 11881 条
✅ 已验证 45000/101929 条，有效 12071 条
✅ 已验证 45500/101929 条，有效 12233 条
✅ 已验证 46000/101929 条，有效 12435 条
✅ 已验证 46500/101929 条，有效 12609 条
✅ 已验证 47000/101929 条，有效 12781 条
✅ 已验证 47500/101929 条，有效 12889 条
✅ 已验证 48000/101929 条，有效 13024 条
✅ 已验证 48500/101929 条，有效 13178 条
✅ 已验证 49000/101929 条，有效 13327 条
✅ 已验证 49500/101929 条，有效 13415 条
✅ 已验证 50000/101929 条，有效 13543 条
✅ 已验证 50500/101929 条，有效 13704 条
✅ 已验证 51000/101929 条，有效 13854 条
✅ 已验证 51500/101929 条，有效 14044 条
✅ 已验证 52000/101929 条，有效 14215 条
✅ 已验证 52500/101929 条，有效 14369 条
✅ 已验证 53000/101929 条，有效 14438 条
✅ 已验证 53500/101929 条，有效 14484 条
✅ 已验证 54000/101929 条，有效 14579 条
✅ 已验证 54500/101929 条，有效 14718 条
✅ 已验证 55000/101929 条，有效 14858 条
✅ 已验证 55500/101929 条，有效 15015 条
✅ 已验证 56000/101929 条，有效 15129 条
✅ 已验证 56500/101929 条，有效 15203 条
✅ 已验证 57000/101929 条，有效 15347 条
✅ 已验证 57500/101929 条，有效 15507 条
✅ 已验证 58000/101929 条，有效 15672 条
✅ 已验证 58500/101929 条，有效 15819 条
✅ 已验证 59000/101929 条，有效 15954 条
✅ 已验证 59500/101929 条，有效 16073 条
✅ 已验证 60000/101929 条，有效 16133 条
✅ 已验证 60500/101929 条，有效 16192 条
✅ 已验证 61000/101929 条，有效 16284 条
✅ 已验证 61500/101929 条，有效 16446 条
✅ 已验证 62000/101929 条，有效 16595 条
✅ 已验证 62500/101929 条，有效 16799 条
✅ 已验证 63000/101929 条，有效 16981 条
✅ 已验证 63500/101929 条，有效 17157 条
✅ 已验证 64000/101929 条，有效 17316 条
✅ 已验证 64500/101929 条，有效 17473 条
✅ 已验证 65000/101929 条，有效 17715 条
✅ 已验证 65500/101929 条，有效 18016 条
✅ 已验证 66000/101929 条，有效 18361 条
✅ 已验证 66500/101929 条，有效 18661 条
✅ 已验证 67000/101929 条，有效 18900 条
✅ 已验证 67500/101929 条，有效 19148 条
✅ 已验证 68000/101929 条，有效 19547 条
✅ 已验证 68500/101929 条，有效 19911 条
✅ 已验证 69000/101929 条，有效 20180 条
✅ 已验证 69500/101929 条，有效 20341 条
✅ 已验证 70000/101929 条，有效 20475 条
✅ 已验证 70500/101929 条，有效 20722 条
✅ 已验证 71000/101929 条，有效 20924 条
✅ 已验证 71500/101929 条，有效 21150 条
✅ 已验证 72000/101929 条，有效 21377 条
✅ 已验证 72500/101929 条，有效 21578 条
✅ 已验证 73000/101929 条，有效 21787 条
✅ 已验证 73500/101929 条，有效 22018 条
✅ 已验证 74000/101929 条，有效 22188 条
✅ 已验证 74500/101929 条，有效 22376 条
✅ 已验证 75000/101929 条，有效 22601 条
✅ 已验证 75500/101929 条，有效 23057 条
✅ 已验证 76000/101929 条，有效 23506 条
✅ 已验证 76500/101929 条，有效 23697 条
✅ 已验证 77000/101929 条，有效 23814 条
✅ 已验证 77500/101929 条，有效 23888 条
✅ 已验证 78000/101929 条，有效 24088 条
✅ 已验证 78500/101929 条，有效 24265 条
✅ 已验证 79000/101929 条，有效 24468 条
✅ 已验证 79500/101929 条，有效 24671 条
✅ 已验证 80000/101929 条，有效 24855 条
✅ 已验证 80500/101929 条，有效 25065 条
✅ 已验证 81000/101929 条，有效 25281 条
✅ 已验证 81500/101929 条，有效 25537 条
✅ 已验证 82000/101929 条，有效 25733 条
✅ 已验证 82500/101929 条，有效 25915 条
✅ 已验证 83000/101929 条，有效 26126 条
✅ 已验证 83500/101929 条，有效 26315 条
✅ 已验证 84000/101929 条，有效 26509 条
✅ 已验证 84500/101929 条，有效 26732 条
✅ 已验证 85000/101929 条，有效 26918 条
✅ 已验证 85500/101929 条，有效 27139 条
✅ 已验证 86000/101929 条，有效 27353 条
✅ 已验证 86500/101929 条，有效 27468 条
✅ 已验证 87000/101929 条，有效 27576 条
✅ 已验证 87500/101929 条，有效 27724 条
✅ 已验证 88000/101929 条，有效 27853 条
✅ 已验证 88500/101929 条，有效 27968 条
✅ 已验证 89000/101929 条，有效 28170 条
✅ 已验证 89500/101929 条，有效 28358 条
✅ 已验证 90000/101929 条，有效 28584 条
✅ 已验证 90500/101929 条，有效 28802 条
✅ 已验证 91000/101929 条，有效 29007 条
✅ 已验证 91500/101929 条，有效 29259 条
✅ 已验证 92000/101929 条，有效 29520 条
✅ 已验证 92500/101929 条，有效 29793 条
✅ 已验证 93000/101929 条，有效 30028 条
✅ 已验证 93500/101929 条，有效 30280 条
✅ 已验证 94000/101929 条，有效 30563 条
✅ 已验证 94500/101929 条，有效 30829 条
✅ 已验证 95000/101929 条，有效 31069 条
✅ 已验证 95500/101929 条，有效 31317 条
✅ 已验证 96000/101929 条，有效 31557 条
✅ 已验证 96500/101929 条，有效 31874 条
✅ 已验证 97000/101929 条，有效 32085 条
✅ 已验证 97500/101929 条，有效 32341 条
✅ 已验证 98000/101929 条，有效 32601 条
✅ 已验证 98500/101929 条，有效 32793 条
✅ 已验证 99000/101929 条，有效 33010 条
✅ 已验证 99500/101929 条，有效 33236 条
✅ 已验证 100000/101929 条，有效 33501 条
✅ 已验证 100500/101929 条，有效 33750 条
✅ 已验证 101000/101929 条，有效 33988 条
✅ 已验证 101500/101929 条，有效 34265 条
✅ 分片验证完成，有效 34497 条
✅ 分片 16 验证完成 → dist/validated_part_16.txt
