⏱ 开始验证分片 2，共 101882 条规则
🚀 启动 50 并发验证
✅ 已验证 500/101882 条，有效 214 条
✅ 已验证 1000/101882 条，有效 457 条
✅ 已验证 1500/101882 条，有效 635 条
✅ 已验证 2000/101882 条，有效 859 条
✅ 已验证 2500/101882 条，有效 1232 条
✅ 已验证 3000/101882 条，有效 1697 条
✅ 已验证 3500/101882 条，有效 2031 条
✅ 已验证 4000/101882 条，有效 2520 条
✅ 已验证 4500/101882 条，有效 3012 条
✅ 已验证 5000/101882 条，有效 3506 条
✅ 已验证 5500/101882 条，有效 4006 条
✅ 已验证 6000/101882 条，有效 4506 条
✅ 已验证 6500/101882 条，有效 5006 条
✅ 已验证 7000/101882 条，有效 5506 条
✅ 已验证 7500/101882 条，有效 6006 条
✅ 已验证 8000/101882 条，有效 6506 条
✅ 已验证 8500/101882 条，有效 7006 条
✅ 已验证 9000/101882 条，有效 7506 条
✅ 已验证 9500/101882 条，有效 8006 条
✅ 已验证 10000/101882 条，有效 8506 条
✅ 已验证 10500/101882 条，有效 9006 条
✅ 已验证 11000/101882 条，有效 9506 条
✅ 已验证 11500/101882 条，有效 10006 条
✅ 已验证 12000/101882 条，有效 10505 条
✅ 已验证 12500/101882 条，有效 11005 条
✅ 已验证 13000/101882 条，有效 11505 条
✅ 已验证 13500/101882 条，有效 12005 条
✅ 已验证 14000/101882 条，有效 12505 条
✅ 已验证 14500/101882 条，有效 13005 条
✅ 已验证 15000/101882 条，有效 13505 条
✅ 已验证 15500/101882 条，有效 13850 条
✅ 已验证 16000/101882 条，有效 14147 条
✅ 已验证 16500/101882 条，有效 14576 条
✅ 已验证 17000/101882 条，有效 15005 条
✅ 已验证 17500/101882 条，有效 15448 条
✅ 已验证 18000/101882 条，有效 15782 条
✅ 已验证 18500/101882 条，有效 16148 条
✅ 已验证 19000/101882 条，有效 16443 条
✅ 已验证 19500/101882 条，有效 16686 条
✅ 已验证 20000/101882 条，有效 17047 条
✅ 已验证 20500/101882 条，有效 17350 条
✅ 已验证 21000/101882 条，有效 17661 条
✅ 已验证 21500/101882 条，有效 17963 条
✅ 已验证 22000/101882 条，有效 18256 条
✅ 已验证 22500/101882 条，有效 18538 条
✅ 已验证 23000/101882 条，有效 18795 条
✅ 已验证 23500/101882 条，有效 19107 条
✅ 已验证 24000/101882 条，有效 19407 条
✅ 已验证 24500/101882 条，有效 19674 条
✅ 已验证 25000/101882 条，有效 19952 条
✅ 已验证 25500/101882 条，有效 20233 条
✅ 已验证 26000/101882 条，有效 20578 条
✅ 已验证 26500/101882 条，有效 20860 条
✅ 已验证 27000/101882 条，有效 21149 条
✅ 已验证 27500/101882 条，有效 21506 条
✅ 已验证 28000/101882 条，有效 21835 条
✅ 已验证 28500/101882 条，有效 22098 条
✅ 已验证 29000/101882 条，有效 22427 条
✅ 已验证 29500/101882 条，有效 22770 条
✅ 已验证 30000/101882 条，有效 22946 条
✅ 已验证 30500/101882 条，有效 22998 条
✅ 已验证 31000/101882 条，有效 23004 条
✅ 已验证 31500/101882 条，有效 23133 条
✅ 已验证 32000/101882 条，有效 23467 条
✅ 已验证 32500/101882 条，有效 23810 条
✅ 已验证 33000/101882 条，有效 24114 条
✅ 已验证 33500/101882 条，有效 24395 条
✅ 已验证 34000/101882 条，有效 24728 条
✅ 已验证 34500/101882 条，有效 25031 条
✅ 已验证 35000/101882 条，有效 25394 条
✅ 已验证 35500/101882 条，有效 25733 条
✅ 已验证 36000/101882 条，有效 26001 条
✅ 已验证 36500/101882 条，有效 26248 条
✅ 已验证 37000/101882 条，有效 26629 条
✅ 已验证 37500/101882 条，有效 26944 条
✅ 已验证 38000/101882 条，有效 27239 条
✅ 已验证 38500/101882 条，有效 27490 条
✅ 已验证 39000/101882 条，有效 27725 条
✅ 已验证 39500/101882 条，有效 27993 条
✅ 已验证 40000/101882 条，有效 28239 条
✅ 已验证 40500/101882 条，有效 28501 条
✅ 已验证 41000/101882 条，有效 28660 条
✅ 已验证 41500/101882 条，有效 28919 条
✅ 已验证 42000/101882 条，有效 29117 条
✅ 已验证 42500/101882 条，有效 29368 条
✅ 已验证 43000/101882 条，有效 29623 条
✅ 已验证 43500/101882 条，有效 29863 条
✅ 已验证 44000/101882 条，有效 30140 条
✅ 已验证 44500/101882 条，有效 30227 条
✅ 已验证 45000/101882 条，有效 30366 条
✅ 已验证 45500/101882 条，有效 30554 条
✅ 已验证 46000/101882 条，有效 30697 条
✅ 已验证 46500/101882 条，有效 30809 条
✅ 已验证 47000/101882 条，有效 30926 条
✅ 已验证 47500/101882 条，有效 31040 条
✅ 已验证 48000/101882 条，有效 31073 条
✅ 已验证 48500/101882 条，有效 31106 条
✅ 已验证 49000/101882 条，有效 31144 条
✅ 已验证 49500/101882 条，有效 31234 条
✅ 已验证 50000/101882 条，有效 31294 条
✅ 已验证 50500/101882 条，有效 31414 条
✅ 已验证 51000/101882 条，有效 31415 条
✅ 已验证 51500/101882 条，有效 31415 条
✅ 已验证 52000/101882 条，有效 31415 条
✅ 已验证 52500/101882 条，有效 31421 条
✅ 已验证 53000/101882 条，有效 31458 条
✅ 已验证 53500/101882 条，有效 31480 条
✅ 已验证 54000/101882 条，有效 31480 条
✅ 已验证 54500/101882 条，有效 31480 条
✅ 已验证 55000/101882 条，有效 31577 条
✅ 已验证 55500/101882 条，有效 31826 条
✅ 已验证 56000/101882 条，有效 32026 条
✅ 已验证 56500/101882 条，有效 32245 条
✅ 已验证 57000/101882 条，有效 32442 条
✅ 已验证 57500/101882 条，有效 32539 条
✅ 已验证 58000/101882 条，有效 32718 条
✅ 已验证 58500/101882 条，有效 32789 条
✅ 已验证 59000/101882 条，有效 32931 条
✅ 已验证 59500/101882 条，有效 33009 条
✅ 已验证 60000/101882 条，有效 33043 条
✅ 已验证 60500/101882 条，有效 33077 条
✅ 已验证 61000/101882 条，有效 33117 条
✅ 已验证 61500/101882 条，有效 33205 条
✅ 已验证 62000/101882 条，有效 33274 条
✅ 已验证 62500/101882 条，有效 33319 条
✅ 已验证 63000/101882 条，有效 33388 条
✅ 已验证 63500/101882 条，有效 33495 条
✅ 已验证 64000/101882 条，有效 33598 条
✅ 已验证 64500/101882 条，有效 33722 条
✅ 已验证 65000/101882 条，有效 33771 条
✅ 已验证 65500/101882 条，有效 33820 条
✅ 已验证 66000/101882 条，有效 33954 条
✅ 已验证 66500/101882 条，有效 34030 条
✅ 已验证 67000/101882 条，有效 34066 条
✅ 已验证 67500/101882 条，有效 34099 条
✅ 已验证 68000/101882 条，有效 34142 条
✅ 已验证 68500/101882 条，有效 34228 条
✅ 已验证 69000/101882 条，有效 34281 条
✅ 已验证 69500/101882 条，有效 34343 条
✅ 已验证 70000/101882 条，有效 34489 条
✅ 已验证 70500/101882 条，有效 34706 条
✅ 已验证 71000/101882 条，有效 34936 条
✅ 已验证 71500/101882 条，有效 35202 条
✅ 已验证 72000/101882 条，有效 35470 条
✅ 已验证 72500/101882 条，有效 35779 条
✅ 已验证 73000/101882 条，有效 35954 条
✅ 已验证 73500/101882 条，有效 36206 条
✅ 已验证 74000/101882 条，有效 36311 条
✅ 已验证 74500/101882 条，有效 36549 条
✅ 已验证 75000/101882 条，有效 36764 条
✅ 已验证 75500/101882 条，有效 37017 条
✅ 已验证 76000/101882 条，有效 37226 条
✅ 已验证 76500/101882 条，有效 37437 条
✅ 已验证 77000/101882 条，有效 37707 条
✅ 已验证 77500/101882 条，有效 38076 条
✅ 已验证 78000/101882 条，有效 38491 条
✅ 已验证 78500/101882 条，有效 38921 条
✅ 已验证 79000/101882 条，有效 39357 条
✅ 已验证 79500/101882 条，有效 39795 条
✅ 已验证 80000/101882 条，有效 40224 条
✅ 已验证 80500/101882 条，有效 40553 条
✅ 已验证 81000/101882 条，有效 40787 条
✅ 已验证 81500/101882 条，有效 41002 条
✅ 已验证 82000/101882 条，有效 41237 条
✅ 已验证 82500/101882 条，有效 41468 条
✅ 已验证 83000/101882 条，有效 41677 条
✅ 已验证 83500/101882 条，有效 41753 条
✅ 已验证 84000/101882 条，有效 41815 条
✅ 已验证 84500/101882 条，有效 42053 条
✅ 已验证 85000/101882 条，有效 42229 条
✅ 已验证 85500/101882 条，有效 42347 条
✅ 已验证 86000/101882 条，有效 42561 条
✅ 已验证 86500/101882 条，有效 42679 条
✅ 已验证 87000/101882 条，有效 42960 条
✅ 已验证 87500/101882 条，有效 43247 条
✅ 已验证 88000/101882 条，有效 43518 条
✅ 已验证 88500/101882 条，有效 43876 条
✅ 已验证 89000/101882 条，有效 44259 条
✅ 已验证 89500/101882 条，有效 44638 条
✅ 已验证 90000/101882 条，有效 45033 条
✅ 已验证 90500/101882 条，有效 45380 条
✅ 已验证 91000/101882 条，有效 45737 条
✅ 已验证 91500/101882 条，有效 45948 条
✅ 已验证 92000/101882 条，有效 46274 条
✅ 已验证 92500/101882 条，有效 46673 条
✅ 已验证 93000/101882 条，有效 47085 条
✅ 已验证 93500/101882 条，有效 47485 条
✅ 已验证 94000/101882 条，有效 47709 条
✅ 已验证 94500/101882 条，有效 47829 条
✅ 已验证 95000/101882 条，有效 47904 条
✅ 已验证 95500/101882 条，有效 47969 条
✅ 已验证 96000/101882 条，有效 48102 条
✅ 已验证 96500/101882 条，有效 48146 条
✅ 已验证 97000/101882 条，有效 48250 条
✅ 已验证 97500/101882 条，有效 48365 条
✅ 已验证 98000/101882 条，有效 48689 条
✅ 已验证 98500/101882 条，有效 48917 条
✅ 已验证 99000/101882 条，有效 49127 条
✅ 已验证 99500/101882 条，有效 49344 条
✅ 已验证 100000/101882 条，有效 49638 条
✅ 已验证 100500/101882 条，有效 49942 条
✅ 已验证 101000/101882 条，有效 50208 条
✅ 已验证 101500/101882 条，有效 50494 条
✅ 分片验证完成，有效 50674 条
✅ 分片 2 验证完成 → dist/validated_part_2.txt
