⏱ 开始验证分片 11，共 101954 条规则
🚀 启动 50 并发验证
✅ 已验证 500/101954 条，有效 479 条
✅ 已验证 1000/101954 条，有效 956 条
✅ 已验证 1500/101954 条，有效 1352 条
✅ 已验证 2000/101954 条，有效 1614 条
✅ 已验证 2500/101954 条，有效 1752 条
✅ 已验证 3000/101954 条，有效 1929 条
✅ 已验证 3500/101954 条，有效 2153 条
✅ 已验证 4000/101954 条，有效 2295 条
✅ 已验证 4500/101954 条，有效 2444 条
✅ 已验证 5000/101954 条，有效 2663 条
✅ 已验证 5500/101954 条，有效 2846 条
✅ 已验证 6000/101954 条，有效 3098 条
✅ 已验证 6500/101954 条，有效 3397 条
✅ 已验证 7000/101954 条，有效 3862 条
✅ 已验证 7500/101954 条，有效 4357 条
✅ 已验证 8000/101954 条，有效 4801 条
✅ 已验证 8500/101954 条，有效 5029 条
✅ 已验证 9000/101954 条，有效 5357 条
✅ 已验证 9500/101954 条，有效 5715 条
✅ 已验证 10000/101954 条，有效 5973 条
✅ 已验证 10500/101954 条，有效 6157 条
✅ 已验证 11000/101954 条，有效 6403 条
✅ 已验证 11500/101954 条，有效 6598 条
✅ 已验证 12000/101954 条，有效 6842 条
✅ 已验证 12500/101954 条，有效 6996 条
✅ 已验证 13000/101954 条，有效 7177 条
✅ 已验证 13500/101954 条，有效 7376 条
✅ 已验证 14000/101954 条，有效 7598 条
✅ 已验证 14500/101954 条，有效 7798 条
✅ 已验证 15000/101954 条，有效 8006 条
✅ 已验证 15500/101954 条，有效 8163 条
✅ 已验证 16000/101954 条，有效 8388 条
✅ 已验证 16500/101954 条，有效 8597 条
✅ 已验证 17000/101954 条，有效 8816 条
✅ 已验证 17500/101954 条，有效 9023 条
✅ 已验证 18000/101954 条，有效 9249 条
✅ 已验证 18500/101954 条，有效 9509 条
✅ 已验证 19000/101954 条，有效 9696 条
✅ 已验证 19500/101954 条，有效 9996 条
✅ 已验证 20000/101954 条，有效 10350 条
✅ 已验证 20500/101954 条，有效 10524 条
✅ 已验证 21000/101954 条，有效 10759 条
✅ 已验证 21500/101954 条，有效 10946 条
✅ 已验证 22000/101954 条，有效 11158 条
✅ 已验证 22500/101954 条，有效 11401 条
✅ 已验证 23000/101954 条，有效 11605 条
✅ 已验证 23500/101954 条，有效 11778 条
✅ 已验证 24000/101954 条，有效 12020 条
✅ 已验证 24500/101954 条，有效 12220 条
✅ 已验证 25000/101954 条，有效 12658 条
✅ 已验证 25500/101954 条，有效 13132 条
✅ 已验证 26000/101954 条，有效 13614 条
✅ 已验证 26500/101954 条，有效 14086 条
✅ 已验证 27000/101954 条，有效 14569 条
✅ 已验证 27500/101954 条，有效 15031 条
✅ 已验证 28000/101954 条，有效 15512 条
✅ 已验证 28500/101954 条，有效 16000 条
✅ 已验证 29000/101954 条，有效 16413 条
✅ 已验证 29500/101954 条，有效 16642 条
✅ 已验证 30000/101954 条，有效 16911 条
✅ 已验证 30500/101954 条，有效 17073 条
✅ 已验证 31000/101954 条，有效 17227 条
✅ 已验证 31500/101954 条，有效 17366 条
✅ 已验证 32000/101954 条，有效 17599 条
✅ 已验证 32500/101954 条，有效 17842 条
✅ 已验证 33000/101954 条，有效 18070 条
✅ 已验证 33500/101954 条，有效 18271 条
✅ 已验证 34000/101954 条，有效 18413 条
✅ 已验证 34500/101954 条，有效 18624 条
✅ 已验证 35000/101954 条，有效 18914 条
✅ 已验证 35500/101954 条，有效 19231 条
✅ 已验证 36000/101954 条，有效 19575 条
✅ 已验证 36500/101954 条，有效 19844 条
✅ 已验证 37000/101954 条，有效 20086 条
✅ 已验证 37500/101954 条，有效 20328 条
✅ 已验证 38000/101954 条，有效 20603 条
✅ 已验证 38500/101954 条，有效 20918 条
✅ 已验证 39000/101954 条，有效 21107 条
✅ 已验证 39500/101954 条，有效 21317 条
✅ 已验证 40000/101954 条，有效 21524 条
✅ 已验证 40500/101954 条，有效 21679 条
✅ 已验证 41000/101954 条，有效 21914 条
✅ 已验证 41500/101954 条，有效 22126 条
✅ 已验证 42000/101954 条，有效 22396 条
✅ 已验证 42500/101954 条，有效 22730 条
✅ 已验证 43000/101954 条，有效 22955 条
✅ 已验证 43500/101954 条，有效 23159 条
✅ 已验证 44000/101954 条，有效 23388 条
✅ 已验证 44500/101954 条，有效 23603 条
✅ 已验证 45000/101954 条，有效 23880 条
✅ 已验证 45500/101954 条，有效 24369 条
✅ 已验证 46000/101954 条，有效 24690 条
✅ 已验证 46500/101954 条，有效 25119 条
✅ 已验证 47000/101954 条，有效 25608 条
✅ 已验证 47500/101954 条，有效 26095 条
✅ 已验证 48000/101954 条，有效 26512 条
✅ 已验证 48500/101954 条，有效 26889 条
✅ 已验证 49000/101954 条，有效 27163 条
✅ 已验证 49500/101954 条，有效 27481 条
✅ 已验证 50000/101954 条，有效 27963 条
✅ 已验证 50500/101954 条，有效 28461 条
✅ 已验证 51000/101954 条，有效 28959 条
✅ 已验证 51500/101954 条，有效 29457 条
✅ 已验证 52000/101954 条，有效 29927 条
✅ 已验证 52500/101954 条，有效 30261 条
✅ 已验证 53000/101954 条，有效 30548 条
✅ 已验证 53500/101954 条，有效 30838 条
✅ 已验证 54000/101954 条，有效 31316 条
✅ 已验证 54500/101954 条，有效 31809 条
✅ 已验证 55000/101954 条，有效 32308 条
✅ 已验证 55500/101954 条，有效 32804 条
✅ 已验证 56000/101954 条，有效 33247 条
✅ 已验证 56500/101954 条，有效 33525 条
✅ 已验证 57000/101954 条，有效 33768 条
✅ 已验证 57500/101954 条，有效 34105 条
✅ 已验证 58000/101954 条，有效 34478 条
✅ 已验证 58500/101954 条，有效 34865 条
✅ 已验证 59000/101954 条，有效 35103 条
✅ 已验证 59500/101954 条，有效 35421 条
✅ 已验证 60000/101954 条，有效 35672 条
✅ 已验证 60500/101954 条，有效 35904 条
✅ 已验证 61000/101954 条，有效 36170 条
✅ 已验证 61500/101954 条，有效 36477 条
✅ 已验证 62000/101954 条，有效 36656 条
✅ 已验证 62500/101954 条，有效 36859 条
✅ 已验证 63000/101954 条，有效 37127 条
✅ 已验证 63500/101954 条，有效 37354 条
✅ 已验证 64000/101954 条，有效 37542 条
✅ 已验证 64500/101954 条，有效 37769 条
✅ 已验证 65000/101954 条，有效 37977 条
✅ 已验证 65500/101954 条，有效 38317 条
✅ 已验证 66000/101954 条，有效 38565 条
✅ 已验证 66500/101954 条，有效 38792 条
✅ 已验证 67000/101954 条，有效 38977 条
✅ 已验证 67500/101954 条，有效 39198 条
✅ 已验证 68000/101954 条，有效 39460 条
✅ 已验证 68500/101954 条，有效 39702 条
✅ 已验证 69000/101954 条，有效 39910 条
✅ 已验证 69500/101954 条，有效 40108 条
✅ 已验证 70000/101954 条，有效 40302 条
✅ 已验证 70500/101954 条，有效 40538 条
✅ 已验证 71000/101954 条，有效 40720 条
✅ 已验证 71500/101954 条，有效 40927 条
✅ 已验证 72000/101954 条，有效 41091 条
✅ 已验证 72500/101954 条，有效 41130 条
✅ 已验证 73000/101954 条，有效 41130 条
✅ 已验证 73500/101954 条，有效 41130 条
✅ 已验证 74000/101954 条，有效 41182 条
✅ 已验证 74500/101954 条，有效 41234 条
✅ 已验证 75000/101954 条，有效 41266 条
✅ 已验证 75500/101954 条，有效 41405 条
✅ 已验证 76000/101954 条，有效 41547 条
✅ 已验证 76500/101954 条，有效 41675 条
✅ 已验证 77000/101954 条，有效 41774 条
✅ 已验证 77500/101954 条，有效 41884 条
✅ 已验证 78000/101954 条，有效 41970 条
✅ 已验证 78500/101954 条，有效 42120 条
✅ 已验证 79000/101954 条，有效 42231 条
✅ 已验证 79500/101954 条，有效 42343 条
✅ 已验证 80000/101954 条，有效 42428 条
✅ 已验证 80500/101954 条，有效 42544 条
✅ 已验证 81000/101954 条，有效 42751 条
✅ 已验证 81500/101954 条，有效 42995 条
✅ 已验证 82000/101954 条，有效 43253 条
✅ 已验证 82500/101954 条，有效 43594 条
✅ 已验证 83000/101954 条，有效 43835 条
✅ 已验证 83500/101954 条，有效 44077 条
✅ 已验证 84000/101954 条，有效 44322 条
✅ 已验证 84500/101954 条，有效 44577 条
✅ 已验证 85000/101954 条，有效 44806 条
✅ 已验证 85500/101954 条，有效 45126 条
✅ 已验证 86000/101954 条，有效 45216 条
✅ 已验证 86500/101954 条，有效 45237 条
✅ 已验证 87000/101954 条，有效 45305 条
✅ 已验证 87500/101954 条，有效 45519 条
✅ 已验证 88000/101954 条，有效 45870 条
✅ 已验证 88500/101954 条，有效 46285 条
✅ 已验证 89000/101954 条，有效 46628 条
✅ 已验证 89500/101954 条，有效 46876 条
✅ 已验证 90000/101954 条，有效 47141 条
✅ 已验证 90500/101954 条，有效 47546 条
✅ 已验证 91000/101954 条，有效 47913 条
✅ 已验证 91500/101954 条，有效 48068 条
✅ 已验证 92000/101954 条，有效 48315 条
✅ 已验证 92500/101954 条，有效 48506 条
✅ 已验证 93000/101954 条，有效 48723 条
✅ 已验证 93500/101954 条，有效 49112 条
✅ 已验证 94000/101954 条，有效 49297 条
✅ 已验证 94500/101954 条，有效 49561 条
✅ 已验证 95000/101954 条，有效 49793 条
✅ 已验证 95500/101954 条，有效 50043 条
✅ 已验证 96000/101954 条，有效 50293 条
✅ 已验证 96500/101954 条，有效 50497 条
✅ 已验证 97000/101954 条，有效 50544 条
✅ 已验证 97500/101954 条，有效 50547 条
✅ 已验证 98000/101954 条，有效 50549 条
✅ 已验证 98500/101954 条，有效 50571 条
✅ 已验证 99000/101954 条，有效 50576 条
✅ 已验证 99500/101954 条，有效 50582 条
✅ 已验证 100000/101954 条，有效 50753 条
✅ 已验证 100500/101954 条，有效 50925 条
✅ 已验证 101000/101954 条，有效 51039 条
✅ 已验证 101500/101954 条，有效 51256 条
✅ 分片验证完成，有效 51453 条
✅ 分片 11 验证完成 → dist/validated_part_11.txt
