⏱ 开始验证分片 6，共 101882 条规则
🚀 启动 50 并发验证
✅ 已验证 500/101882 条，有效 165 条
✅ 已验证 1000/101882 条，有效 398 条
✅ 已验证 1500/101882 条，有效 623 条
✅ 已验证 2000/101882 条，有效 861 条
✅ 已验证 2500/101882 条，有效 1146 条
✅ 已验证 3000/101882 条，有效 1323 条
✅ 已验证 3500/101882 条，有效 1514 条
✅ 已验证 4000/101882 条，有效 1731 条
✅ 已验证 4500/101882 条，有效 1971 条
✅ 已验证 5000/101882 条，有效 2143 条
✅ 已验证 5500/101882 条，有效 2296 条
✅ 已验证 6000/101882 条，有效 2353 条
✅ 已验证 6500/101882 条，有效 2512 条
✅ 已验证 7000/101882 条，有效 2738 条
✅ 已验证 7500/101882 条，有效 3011 条
✅ 已验证 8000/101882 条，有效 3293 条
✅ 已验证 8500/101882 条，有效 3546 条
✅ 已验证 9000/101882 条，有效 3794 条
✅ 已验证 9500/101882 条，有效 4049 条
✅ 已验证 10000/101882 条，有效 4453 条
✅ 已验证 10500/101882 条，有效 4878 条
✅ 已验证 11000/101882 条，有效 5117 条
✅ 已验证 11500/101882 条，有效 5316 条
✅ 已验证 12000/101882 条，有效 5506 条
✅ 已验证 12500/101882 条，有效 5685 条
✅ 已验证 13000/101882 条，有效 5807 条
✅ 已验证 13500/101882 条，有效 5963 条
✅ 已验证 14000/101882 条，有效 6112 条
✅ 已验证 14500/101882 条，有效 6243 条
✅ 已验证 15000/101882 条，有效 6332 条
✅ 已验证 15500/101882 条，有效 6484 条
✅ 已验证 16000/101882 条，有效 6610 条
✅ 已验证 16500/101882 条，有效 6831 条
✅ 已验证 17000/101882 条，有效 7087 条
✅ 已验证 17500/101882 条，有效 7302 条
✅ 已验证 18000/101882 条，有效 7529 条
✅ 已验证 18500/101882 条，有效 7846 条
✅ 已验证 19000/101882 条，有效 8040 条
✅ 已验证 19500/101882 条，有效 8271 条
✅ 已验证 20000/101882 条，有效 8505 条
✅ 已验证 20500/101882 条，有效 8741 条
✅ 已验证 21000/101882 条，有效 9014 条
✅ 已验证 21500/101882 条，有效 9198 条
✅ 已验证 22000/101882 条，有效 9388 条
✅ 已验证 22500/101882 条，有效 9584 条
✅ 已验证 23000/101882 条，有效 9877 条
✅ 已验证 23500/101882 条，有效 10115 条
✅ 已验证 24000/101882 条，有效 10354 条
✅ 已验证 24500/101882 条，有效 10615 条
✅ 已验证 25000/101882 条，有效 10882 条
✅ 已验证 25500/101882 条，有效 11136 条
✅ 已验证 26000/101882 条，有效 11402 条
✅ 已验证 26500/101882 条，有效 11641 条
✅ 已验证 27000/101882 条，有效 11889 条
✅ 已验证 27500/101882 条，有效 12152 条
✅ 已验证 28000/101882 条，有效 12380 条
✅ 已验证 28500/101882 条，有效 12608 条
✅ 已验证 29000/101882 条，有效 12842 条
✅ 已验证 29500/101882 条，有效 13050 条
✅ 已验证 30000/101882 条，有效 13331 条
✅ 已验证 30500/101882 条，有效 13549 条
✅ 已验证 31000/101882 条，有效 13757 条
✅ 已验证 31500/101882 条，有效 14018 条
✅ 已验证 32000/101882 条，有效 14256 条
✅ 已验证 32500/101882 条，有效 14560 条
✅ 已验证 33000/101882 条，有效 14791 条
✅ 已验证 33500/101882 条，有效 14979 条
✅ 已验证 34000/101882 条，有效 15281 条
✅ 已验证 34500/101882 条，有效 15394 条
✅ 已验证 35000/101882 条，有效 15495 条
✅ 已验证 35500/101882 条，有效 15632 条
✅ 已验证 36000/101882 条，有效 15786 条
✅ 已验证 36500/101882 条，有效 15918 条
✅ 已验证 37000/101882 条，有效 16146 条
✅ 已验证 37500/101882 条，有效 16386 条
✅ 已验证 38000/101882 条，有效 16589 条
✅ 已验证 38500/101882 条，有效 16815 条
✅ 已验证 39000/101882 条，有效 17039 条
✅ 已验证 39500/101882 条，有效 17367 条
✅ 已验证 40000/101882 条，有效 17599 条
✅ 已验证 40500/101882 条，有效 17792 条
✅ 已验证 41000/101882 条，有效 17992 条
✅ 已验证 41500/101882 条，有效 18208 条
✅ 已验证 42000/101882 条，有效 18448 条
✅ 已验证 42500/101882 条，有效 18628 条
✅ 已验证 43000/101882 条，有效 18907 条
✅ 已验证 43500/101882 条，有效 19219 条
✅ 已验证 44000/101882 条，有效 19595 条
✅ 已验证 44500/101882 条，有效 20069 条
✅ 已验证 45000/101882 条，有效 20552 条
✅ 已验证 45500/101882 条，有效 21038 条
✅ 已验证 46000/101882 条，有效 21485 条
✅ 已验证 46500/101882 条，有效 21961 条
✅ 已验证 47000/101882 条，有效 22436 条
✅ 已验证 47500/101882 条，有效 22915 条
✅ 已验证 48000/101882 条，有效 23383 条
✅ 已验证 48500/101882 条，有效 23855 条
✅ 已验证 49000/101882 条，有效 24340 条
✅ 已验证 49500/101882 条，有效 24820 条
✅ 已验证 50000/101882 条，有效 25047 条
✅ 已验证 50500/101882 条，有效 25525 条
✅ 已验证 51000/101882 条，有效 25995 条
✅ 已验证 51500/101882 条，有效 26473 条
✅ 已验证 52000/101882 条，有效 26951 条
✅ 已验证 52500/101882 条，有效 27422 条
✅ 已验证 53000/101882 条，有效 27899 条
✅ 已验证 53500/101882 条，有效 28370 条
✅ 已验证 54000/101882 条，有效 28790 条
✅ 已验证 54500/101882 条，有效 29019 条
✅ 已验证 55000/101882 条，有效 29194 条
✅ 已验证 55500/101882 条，有效 29401 条
✅ 已验证 56000/101882 条，有效 29584 条
✅ 已验证 56500/101882 条，有效 29774 条
✅ 已验证 57000/101882 条，有效 29908 条
✅ 已验证 57500/101882 条，有效 30068 条
✅ 已验证 58000/101882 条，有效 30272 条
✅ 已验证 58500/101882 条，有效 30473 条
✅ 已验证 59000/101882 条，有效 30614 条
✅ 已验证 59500/101882 条，有效 30794 条
✅ 已验证 60000/101882 条，有效 31087 条
✅ 已验证 60500/101882 条，有效 31421 条
✅ 已验证 61000/101882 条，有效 31643 条
✅ 已验证 61500/101882 条，有效 31889 条
✅ 已验证 62000/101882 条，有效 32113 条
✅ 已验证 62500/101882 条，有效 32226 条
✅ 已验证 63000/101882 条，有效 32379 条
✅ 已验证 63500/101882 条，有效 32583 条
✅ 已验证 64000/101882 条，有效 32800 条
✅ 已验证 64500/101882 条，有效 33014 条
✅ 已验证 65000/101882 条，有效 33178 条
✅ 已验证 65500/101882 条，有效 33400 条
✅ 已验证 66000/101882 条，有效 33678 条
✅ 已验证 66500/101882 条，有效 33915 条
✅ 已验证 67000/101882 条，有效 34399 条
✅ 已验证 67500/101882 条，有效 34897 条
✅ 已验证 68000/101882 条，有效 35393 条
✅ 已验证 68500/101882 条，有效 35889 条
✅ 已验证 69000/101882 条，有效 36384 条
✅ 已验证 69500/101882 条，有效 36871 条
✅ 已验证 70000/101882 条，有效 37148 条
✅ 已验证 70500/101882 条，有效 37374 条
✅ 已验证 71000/101882 条，有效 37586 条
✅ 已验证 71500/101882 条，有效 37817 条
✅ 已验证 72000/101882 条，有效 38097 条
✅ 已验证 72500/101882 条，有效 38308 条
✅ 已验证 73000/101882 条，有效 38515 条
✅ 已验证 73500/101882 条，有效 38756 条
✅ 已验证 74000/101882 条，有效 39000 条
✅ 已验证 74500/101882 条，有效 39174 条
✅ 已验证 75000/101882 条，有效 39386 条
✅ 已验证 75500/101882 条，有效 39571 条
✅ 已验证 76000/101882 条，有效 39839 条
✅ 已验证 76500/101882 条，有效 40021 条
✅ 已验证 77000/101882 条，有效 40206 条
✅ 已验证 77500/101882 条，有效 40455 条
✅ 已验证 78000/101882 条，有效 40701 条
✅ 已验证 78500/101882 条，有效 40860 条
✅ 已验证 79000/101882 条，有效 41140 条
✅ 已验证 79500/101882 条，有效 41374 条
✅ 已验证 80000/101882 条，有效 41570 条
✅ 已验证 80500/101882 条，有效 41797 条
✅ 已验证 81000/101882 条，有效 41993 条
✅ 已验证 81500/101882 条，有效 42179 条
✅ 已验证 82000/101882 条，有效 42405 条
✅ 已验证 82500/101882 条，有效 42426 条
✅ 已验证 83000/101882 条，有效 42444 条
✅ 已验证 83500/101882 条，有效 42588 条
✅ 已验证 84000/101882 条，有效 42775 条
✅ 已验证 84500/101882 条，有效 42964 条
✅ 已验证 85000/101882 条，有效 43198 条
✅ 已验证 85500/101882 条，有效 43385 条
✅ 已验证 86000/101882 条，有效 43630 条
✅ 已验证 86500/101882 条，有效 43861 条
✅ 已验证 87000/101882 条，有效 43993 条
✅ 已验证 87500/101882 条，有效 44076 条
✅ 已验证 88000/101882 条，有效 44147 条
✅ 已验证 88500/101882 条，有效 44196 条
✅ 已验证 89000/101882 条，有效 44380 条
✅ 已验证 89500/101882 条，有效 44518 条
✅ 已验证 90000/101882 条，有效 44743 条
✅ 已验证 90500/101882 条，有效 44908 条
✅ 已验证 91000/101882 条，有效 45121 条
✅ 已验证 91500/101882 条，有效 45276 条
✅ 已验证 92000/101882 条，有效 45478 条
✅ 已验证 92500/101882 条，有效 45699 条
✅ 已验证 93000/101882 条，有效 45943 条
✅ 已验证 93500/101882 条，有效 46142 条
✅ 已验证 94000/101882 条，有效 46391 条
✅ 已验证 94500/101882 条，有效 46616 条
✅ 已验证 95000/101882 条，有效 46814 条
✅ 已验证 95500/101882 条，有效 47069 条
✅ 已验证 96000/101882 条，有效 47378 条
✅ 已验证 96500/101882 条，有效 47674 条
✅ 已验证 97000/101882 条，有效 48016 条
✅ 已验证 97500/101882 条，有效 48188 条
✅ 已验证 98000/101882 条，有效 48405 条
✅ 已验证 98500/101882 条，有效 48582 条
✅ 已验证 99000/101882 条，有效 48798 条
✅ 已验证 99500/101882 条，有效 48899 条
✅ 已验证 100000/101882 条，有效 49065 条
✅ 已验证 100500/101882 条，有效 49305 条
✅ 已验证 101000/101882 条，有效 49514 条
✅ 已验证 101500/101882 条，有效 49736 条
✅ 分片验证完成，有效 49905 条
✅ 分片 6 验证完成 → dist/validated_part_6.txt
