⏱ 开始验证分片 12，共 101882 条规则
🚀 启动 50 并发验证
✅ 已验证 500/101882 条，有效 294 条
✅ 已验证 1000/101882 条，有效 585 条
✅ 已验证 1500/101882 条，有效 870 条
✅ 已验证 2000/101882 条，有效 1116 条
✅ 已验证 2500/101882 条，有效 1392 条
✅ 已验证 3000/101882 条，有效 1640 条
✅ 已验证 3500/101882 条，有效 1910 条
✅ 已验证 4000/101882 条，有效 2130 条
✅ 已验证 4500/101882 条，有效 2476 条
✅ 已验证 5000/101882 条，有效 2766 条
✅ 已验证 5500/101882 条，有效 3003 条
✅ 已验证 6000/101882 条，有效 3229 条
✅ 已验证 6500/101882 条，有效 3503 条
✅ 已验证 7000/101882 条，有效 3751 条
✅ 已验证 7500/101882 条，有效 3896 条
✅ 已验证 8000/101882 条，有效 4110 条
✅ 已验证 8500/101882 条，有效 4359 条
✅ 已验证 9000/101882 条，有效 4562 条
✅ 已验证 9500/101882 条，有效 4767 条
✅ 已验证 10000/101882 条，有效 4888 条
✅ 已验证 10500/101882 条，有效 5038 条
✅ 已验证 11000/101882 条，有效 5232 条
✅ 已验证 11500/101882 条，有效 5374 条
✅ 已验证 12000/101882 条，有效 5555 条
✅ 已验证 12500/101882 条，有效 5726 条
✅ 已验证 13000/101882 条，有效 5928 条
✅ 已验证 13500/101882 条，有效 6050 条
✅ 已验证 14000/101882 条，有效 6197 条
✅ 已验证 14500/101882 条，有效 6344 条
✅ 已验证 15000/101882 条，有效 6538 条
✅ 已验证 15500/101882 条，有效 6708 条
✅ 已验证 16000/101882 条，有效 6901 条
✅ 已验证 16500/101882 条，有效 7084 条
✅ 已验证 17000/101882 条，有效 7297 条
✅ 已验证 17500/101882 条，有效 7469 条
✅ 已验证 18000/101882 条，有效 7674 条
✅ 已验证 18500/101882 条，有效 7850 条
✅ 已验证 19000/101882 条，有效 8005 条
✅ 已验证 19500/101882 条，有效 8201 条
✅ 已验证 20000/101882 条，有效 8421 条
✅ 已验证 20500/101882 条，有效 8666 条
✅ 已验证 21000/101882 条，有效 8995 条
✅ 已验证 21500/101882 条，有效 9340 条
✅ 已验证 22000/101882 条，有效 9620 条
✅ 已验证 22500/101882 条，有效 9826 条
✅ 已验证 23000/101882 条，有效 10064 条
✅ 已验证 23500/101882 条，有效 10268 条
✅ 已验证 24000/101882 条，有效 10500 条
✅ 已验证 24500/101882 条，有效 10706 条
✅ 已验证 25000/101882 条，有效 10864 条
✅ 已验证 25500/101882 条，有效 11012 条
✅ 已验证 26000/101882 条，有效 11187 条
✅ 已验证 26500/101882 条，有效 11363 条
✅ 已验证 27000/101882 条，有效 11573 条
✅ 已验证 27500/101882 条，有效 11771 条
✅ 已验证 28000/101882 条，有效 11977 条
✅ 已验证 28500/101882 条，有效 12208 条
✅ 已验证 29000/101882 条，有效 12593 条
✅ 已验证 29500/101882 条，有效 13051 条
✅ 已验证 30000/101882 条，有效 13496 条
✅ 已验证 30500/101882 条，有效 13861 条
✅ 已验证 31000/101882 条，有效 14260 条
✅ 已验证 31500/101882 条，有效 14669 条
✅ 已验证 32000/101882 条，有效 15010 条
✅ 已验证 32500/101882 条，有效 15378 条
✅ 已验证 33000/101882 条，有效 15719 条
✅ 已验证 33500/101882 条，有效 16026 条
✅ 已验证 34000/101882 条，有效 16433 条
✅ 已验证 34500/101882 条，有效 16845 条
✅ 已验证 35000/101882 条，有效 17265 条
✅ 已验证 35500/101882 条，有效 17586 条
✅ 已验证 36000/101882 条，有效 17971 条
✅ 已验证 36500/101882 条，有效 18320 条
✅ 已验证 37000/101882 条，有效 18628 条
✅ 已验证 37500/101882 条，有效 18901 条
✅ 已验证 38000/101882 条，有效 19108 条
✅ 已验证 38500/101882 条，有效 19331 条
✅ 已验证 39000/101882 条，有效 19639 条
✅ 已验证 39500/101882 条，有效 19855 条
✅ 已验证 40000/101882 条，有效 20028 条
✅ 已验证 40500/101882 条，有效 20327 条
✅ 已验证 41000/101882 条，有效 20555 条
✅ 已验证 41500/101882 条，有效 20873 条
✅ 已验证 42000/101882 条，有效 21297 条
✅ 已验证 42500/101882 条，有效 21685 条
✅ 已验证 43000/101882 条，有效 21905 条
✅ 已验证 43500/101882 条，有效 22146 条
✅ 已验证 44000/101882 条，有效 22437 条
✅ 已验证 44500/101882 条，有效 22683 条
✅ 已验证 45000/101882 条，有效 22945 条
✅ 已验证 45500/101882 条，有效 23175 条
✅ 已验证 46000/101882 条，有效 23405 条
✅ 已验证 46500/101882 条，有效 23565 条
✅ 已验证 47000/101882 条，有效 23807 条
✅ 已验证 47500/101882 条，有效 24040 条
✅ 已验证 48000/101882 条，有效 24238 条
✅ 已验证 48500/101882 条，有效 24481 条
✅ 已验证 49000/101882 条，有效 24625 条
✅ 已验证 49500/101882 条，有效 24864 条
✅ 已验证 50000/101882 条，有效 25084 条
✅ 已验证 50500/101882 条，有效 25272 条
✅ 已验证 51000/101882 条，有效 25403 条
✅ 已验证 51500/101882 条，有效 25647 条
✅ 已验证 52000/101882 条，有效 25867 条
✅ 已验证 52500/101882 条，有效 26091 条
✅ 已验证 53000/101882 条，有效 26319 条
✅ 已验证 53500/101882 条，有效 26527 条
✅ 已验证 54000/101882 条，有效 26760 条
✅ 已验证 54500/101882 条，有效 26913 条
✅ 已验证 55000/101882 条，有效 27055 条
✅ 已验证 55500/101882 条，有效 27273 条
✅ 已验证 56000/101882 条，有效 27511 条
✅ 已验证 56500/101882 条，有效 27692 条
✅ 已验证 57000/101882 条，有效 27768 条
✅ 已验证 57500/101882 条，有效 27851 条
✅ 已验证 58000/101882 条，有效 27906 条
✅ 已验证 58500/101882 条，有效 27948 条
✅ 已验证 59000/101882 条，有效 28146 条
✅ 已验证 59500/101882 条，有效 28324 条
✅ 已验证 60000/101882 条，有效 28579 条
✅ 已验证 60500/101882 条，有效 28818 条
✅ 已验证 61000/101882 条，有效 28980 条
✅ 已验证 61500/101882 条，有效 29055 条
✅ 已验证 62000/101882 条，有效 29171 条
✅ 已验证 62500/101882 条，有效 29361 条
✅ 已验证 63000/101882 条，有效 29559 条
✅ 已验证 63500/101882 条，有效 29662 条
✅ 已验证 64000/101882 条，有效 29783 条
✅ 已验证 64500/101882 条，有效 29915 条
✅ 已验证 65000/101882 条，有效 30078 条
✅ 已验证 65500/101882 条，有效 30287 条
✅ 已验证 66000/101882 条，有效 30498 条
✅ 已验证 66500/101882 条，有效 30725 条
✅ 已验证 67000/101882 条，有效 30917 条
✅ 已验证 67500/101882 条，有效 31064 条
✅ 已验证 68000/101882 条，有效 31224 条
✅ 已验证 68500/101882 条，有效 31391 条
✅ 已验证 69000/101882 条，有效 31549 条
✅ 已验证 69500/101882 条，有效 31669 条
✅ 已验证 70000/101882 条，有效 31888 条
✅ 已验证 70500/101882 条，有效 32318 条
✅ 已验证 71000/101882 条，有效 32531 条
✅ 已验证 71500/101882 条，有效 32736 条
✅ 已验证 72000/101882 条，有效 32964 条
✅ 已验证 72500/101882 条，有效 33259 条
✅ 已验证 73000/101882 条，有效 33480 条
✅ 已验证 73500/101882 条，有效 33704 条
✅ 已验证 74000/101882 条，有效 33953 条
✅ 已验证 74500/101882 条，有效 34172 条
✅ 已验证 75000/101882 条，有效 34386 条
✅ 已验证 75500/101882 条，有效 34556 条
✅ 已验证 76000/101882 条，有效 34777 条
✅ 已验证 76500/101882 条，有效 34993 条
✅ 已验证 77000/101882 条，有效 35272 条
✅ 已验证 77500/101882 条，有效 35544 条
✅ 已验证 78000/101882 条，有效 35789 条
✅ 已验证 78500/101882 条，有效 35977 条
✅ 已验证 79000/101882 条，有效 36107 条
✅ 已验证 79500/101882 条，有效 36279 条
✅ 已验证 80000/101882 条，有效 36512 条
✅ 已验证 80500/101882 条，有效 36753 条
✅ 已验证 81000/101882 条，有效 36996 条
✅ 已验证 81500/101882 条，有效 37272 条
✅ 已验证 82000/101882 条，有效 37505 条
✅ 已验证 82500/101882 条，有效 37782 条
✅ 已验证 83000/101882 条，有效 37973 条
✅ 已验证 83500/101882 条，有效 38428 条
✅ 已验证 84000/101882 条，有效 38922 条
✅ 已验证 84500/101882 条，有效 39416 条
✅ 已验证 85000/101882 条，有效 39916 条
✅ 已验证 85500/101882 条，有效 40416 条
✅ 已验证 86000/101882 条，有效 40916 条
✅ 已验证 86500/101882 条，有效 41416 条
✅ 已验证 87000/101882 条，有效 41912 条
✅ 已验证 87500/101882 条，有效 42412 条
✅ 已验证 88000/101882 条，有效 42909 条
✅ 已验证 88500/101882 条，有效 43405 条
✅ 已验证 89000/101882 条，有效 43872 条
✅ 已验证 89500/101882 条，有效 44095 条
✅ 已验证 90000/101882 条，有效 44313 条
✅ 已验证 90500/101882 条，有效 44419 条
✅ 已验证 91000/101882 条，有效 44505 条
✅ 已验证 91500/101882 条，有效 44579 条
✅ 已验证 92000/101882 条，有效 44720 条
✅ 已验证 92500/101882 条，有效 44914 条
✅ 已验证 93000/101882 条，有效 45091 条
✅ 已验证 93500/101882 条，有效 45273 条
✅ 已验证 94000/101882 条，有效 45527 条
✅ 已验证 94500/101882 条，有效 45779 条
✅ 已验证 95000/101882 条，有效 45959 条
✅ 已验证 95500/101882 条，有效 46138 条
✅ 已验证 96000/101882 条，有效 46352 条
✅ 已验证 96500/101882 条，有效 46545 条
✅ 已验证 97000/101882 条，有效 46787 条
✅ 已验证 97500/101882 条，有效 47017 条
✅ 已验证 98000/101882 条，有效 47261 条
✅ 已验证 98500/101882 条，有效 47370 条
✅ 已验证 99000/101882 条，有效 47604 条
✅ 已验证 99500/101882 条，有效 47825 条
✅ 已验证 100000/101882 条，有效 48059 条
✅ 已验证 100500/101882 条，有效 48257 条
✅ 已验证 101000/101882 条，有效 48427 条
✅ 已验证 101500/101882 条，有效 48616 条
✅ 分片验证完成，有效 48781 条
✅ 分片 12 验证完成 → dist/validated_part_12.txt
