⏱ 开始验证分片 15，共 101954 条规则
🚀 启动 50 并发验证
✅ 已验证 500/101954 条，有效 194 条
✅ 已验证 1000/101954 条，有效 299 条
✅ 已验证 1500/101954 条，有效 299 条
✅ 已验证 2000/101954 条，有效 299 条
✅ 已验证 2500/101954 条，有效 299 条
✅ 已验证 3000/101954 条，有效 335 条
✅ 已验证 3500/101954 条，有效 492 条
✅ 已验证 4000/101954 条，有效 571 条
✅ 已验证 4500/101954 条，有效 746 条
✅ 已验证 5000/101954 条，有效 968 条
✅ 已验证 5500/101954 条，有效 1168 条
✅ 已验证 6000/101954 条，有效 1359 条
✅ 已验证 6500/101954 条，有效 1559 条
✅ 已验证 7000/101954 条，有效 1703 条
✅ 已验证 7500/101954 条，有效 1908 条
✅ 已验证 8000/101954 条，有效 2074 条
✅ 已验证 8500/101954 条，有效 2216 条
✅ 已验证 9000/101954 条，有效 2348 条
✅ 已验证 9500/101954 条，有效 2521 条
✅ 已验证 10000/101954 条，有效 2741 条
✅ 已验证 10500/101954 条，有效 3002 条
✅ 已验证 11000/101954 条，有效 3203 条
✅ 已验证 11500/101954 条，有效 3415 条
✅ 已验证 12000/101954 条，有效 3606 条
✅ 已验证 12500/101954 条，有效 3791 条
✅ 已验证 13000/101954 条，有效 3987 条
✅ 已验证 13500/101954 条，有效 4147 条
✅ 已验证 14000/101954 条，有效 4363 条
✅ 已验证 14500/101954 条，有效 4570 条
✅ 已验证 15000/101954 条，有效 4775 条
✅ 已验证 15500/101954 条，有效 4998 条
✅ 已验证 16000/101954 条，有效 5119 条
✅ 已验证 16500/101954 条，有效 5257 条
✅ 已验证 17000/101954 条，有效 5335 条
✅ 已验证 17500/101954 条，有效 5520 条
✅ 已验证 18000/101954 条，有效 5742 条
✅ 已验证 18500/101954 条，有效 5919 条
✅ 已验证 19000/101954 条，有效 6015 条
✅ 已验证 19500/101954 条，有效 6161 条
✅ 已验证 20000/101954 条，有效 6267 条
✅ 已验证 20500/101954 条，有效 6496 条
✅ 已验证 21000/101954 条，有效 6651 条
✅ 已验证 21500/101954 条，有效 6827 条
✅ 已验证 22000/101954 条，有效 7074 条
✅ 已验证 22500/101954 条，有效 7269 条
✅ 已验证 23000/101954 条，有效 7444 条
✅ 已验证 23500/101954 条，有效 7643 条
✅ 已验证 24000/101954 条，有效 7890 条
✅ 已验证 24500/101954 条，有效 8005 条
✅ 已验证 25000/101954 条，有效 8153 条
✅ 已验证 25500/101954 条，有效 8297 条
✅ 已验证 26000/101954 条，有效 8461 条
✅ 已验证 26500/101954 条，有效 8639 条
✅ 已验证 27000/101954 条，有效 8796 条
✅ 已验证 27500/101954 条，有效 9023 条
✅ 已验证 28000/101954 条，有效 9149 条
✅ 已验证 28500/101954 条，有效 9328 条
✅ 已验证 29000/101954 条，有效 9437 条
✅ 已验证 29500/101954 条，有效 9440 条
✅ 已验证 30000/101954 条，有效 9440 条
✅ 已验证 30500/101954 条，有效 9508 条
✅ 已验证 31000/101954 条，有效 9603 条
✅ 已验证 31500/101954 条，有效 9736 条
✅ 已验证 32000/101954 条，有效 9844 条
✅ 已验证 32500/101954 条，有效 9940 条
✅ 已验证 33000/101954 条，有效 10083 条
✅ 已验证 33500/101954 条，有效 10272 条
✅ 已验证 34000/101954 条，有效 10477 条
✅ 已验证 34500/101954 条，有效 10652 条
✅ 已验证 35000/101954 条，有效 10844 条
✅ 已验证 35500/101954 条，有效 10932 条
✅ 已验证 36000/101954 条，有效 11029 条
✅ 已验证 36500/101954 条，有效 11162 条
✅ 已验证 37000/101954 条，有效 11337 条
✅ 已验证 37500/101954 条，有效 11511 条
✅ 已验证 38000/101954 条，有效 11655 条
✅ 已验证 38500/101954 条，有效 11780 条
✅ 已验证 39000/101954 条，有效 11900 条
✅ 已验证 39500/101954 条，有效 12074 条
✅ 已验证 40000/101954 条，有效 12089 条
✅ 已验证 40500/101954 条，有效 12247 条
✅ 已验证 41000/101954 条，有效 12364 条
✅ 已验证 41500/101954 条，有效 12458 条
✅ 已验证 42000/101954 条，有效 12609 条
✅ 已验证 42500/101954 条，有效 12763 条
✅ 已验证 43000/101954 条，有效 12963 条
✅ 已验证 43500/101954 条，有效 13075 条
✅ 已验证 44000/101954 条，有效 13190 条
✅ 已验证 44500/101954 条，有效 13333 条
✅ 已验证 45000/101954 条，有效 13455 条
✅ 已验证 45500/101954 条，有效 13631 条
✅ 已验证 46000/101954 条，有效 13805 条
✅ 已验证 46500/101954 条，有效 14019 条
✅ 已验证 47000/101954 条，有效 14231 条
✅ 已验证 47500/101954 条，有效 14411 条
✅ 已验证 48000/101954 条，有效 14515 条
✅ 已验证 48500/101954 条，有效 14617 条
✅ 已验证 49000/101954 条，有效 14641 条
✅ 已验证 49500/101954 条，有效 14643 条
✅ 已验证 50000/101954 条，有效 14643 条
✅ 已验证 50500/101954 条，有效 14643 条
✅ 已验证 51000/101954 条，有效 14647 条
✅ 已验证 51500/101954 条，有效 14662 条
✅ 已验证 52000/101954 条，有效 14666 条
✅ 已验证 52500/101954 条，有效 14668 条
✅ 已验证 53000/101954 条，有效 14671 条
✅ 已验证 53500/101954 条，有效 14786 条
✅ 已验证 54000/101954 条，有效 14962 条
✅ 已验证 54500/101954 条，有效 15159 条
✅ 已验证 55000/101954 条，有效 15420 条
✅ 已验证 55500/101954 条，有效 15625 条
✅ 已验证 56000/101954 条，有效 15838 条
✅ 已验证 56500/101954 条，有效 16065 条
✅ 已验证 57000/101954 条，有效 16238 条
✅ 已验证 57500/101954 条，有效 16427 条
✅ 已验证 58000/101954 条，有效 16610 条
✅ 已验证 58500/101954 条，有效 16794 条
✅ 已验证 59000/101954 条，有效 16963 条
✅ 已验证 59500/101954 条，有效 17021 条
✅ 已验证 60000/101954 条，有效 17233 条
✅ 已验证 60500/101954 条，有效 17431 条
✅ 已验证 61000/101954 条，有效 17626 条
✅ 已验证 61500/101954 条，有效 17825 条
✅ 已验证 62000/101954 条，有效 18000 条
✅ 已验证 62500/101954 条，有效 18191 条
✅ 已验证 63000/101954 条，有效 18397 条
✅ 已验证 63500/101954 条，有效 18559 条
✅ 已验证 64000/101954 条，有效 18702 条
✅ 已验证 64500/101954 条，有效 18901 条
✅ 已验证 65000/101954 条，有效 19107 条
✅ 已验证 65500/101954 条，有效 19247 条
✅ 已验证 66000/101954 条，有效 19387 条
✅ 已验证 66500/101954 条，有效 19556 条
✅ 已验证 67000/101954 条，有效 19713 条
✅ 已验证 67500/101954 条，有效 19872 条
✅ 已验证 68000/101954 条，有效 20061 条
✅ 已验证 68500/101954 条，有效 20273 条
✅ 已验证 69000/101954 条，有效 20487 条
✅ 已验证 69500/101954 条，有效 20637 条
✅ 已验证 70000/101954 条，有效 20809 条
✅ 已验证 70500/101954 条，有效 20937 条
✅ 已验证 71000/101954 条，有效 21132 条
✅ 已验证 71500/101954 条，有效 21319 条
✅ 已验证 72000/101954 条，有效 21485 条
✅ 已验证 72500/101954 条，有效 21595 条
✅ 已验证 73000/101954 条，有效 21929 条
✅ 已验证 73500/101954 条，有效 22214 条
✅ 已验证 74000/101954 条，有效 22410 条
✅ 已验证 74500/101954 条，有效 22614 条
✅ 已验证 75000/101954 条，有效 22651 条
✅ 已验证 75500/101954 条，有效 22856 条
✅ 已验证 76000/101954 条，有效 23089 条
✅ 已验证 76500/101954 条，有效 23326 条
✅ 已验证 77000/101954 条，有效 23520 条
✅ 已验证 77500/101954 条，有效 23719 条
✅ 已验证 78000/101954 条，有效 23928 条
✅ 已验证 78500/101954 条，有效 24114 条
✅ 已验证 79000/101954 条，有效 24211 条
✅ 已验证 79500/101954 条，有效 24214 条
✅ 已验证 80000/101954 条，有效 24215 条
✅ 已验证 80500/101954 条，有效 24215 条
✅ 已验证 81000/101954 条，有效 24323 条
✅ 已验证 81500/101954 条，有效 24524 条
✅ 已验证 82000/101954 条，有效 24725 条
✅ 已验证 82500/101954 条，有效 24939 条
✅ 已验证 83000/101954 条，有效 25022 条
✅ 已验证 83500/101954 条，有效 25178 条
✅ 已验证 84000/101954 条，有效 25424 条
✅ 已验证 84500/101954 条，有效 25623 条
✅ 已验证 85000/101954 条，有效 25783 条
✅ 已验证 85500/101954 条，有效 25889 条
✅ 已验证 86000/101954 条，有效 25962 条
✅ 已验证 86500/101954 条，有效 25964 条
✅ 已验证 87000/101954 条，有效 25971 条
✅ 已验证 87500/101954 条，有效 26051 条
✅ 已验证 88000/101954 条，有效 26281 条
✅ 已验证 88500/101954 条，有效 26455 条
✅ 已验证 89000/101954 条，有效 26600 条
✅ 已验证 89500/101954 条，有效 26744 条
✅ 已验证 90000/101954 条，有效 26952 条
✅ 已验证 90500/101954 条，有效 27139 条
✅ 已验证 91000/101954 条，有效 27349 条
✅ 已验证 91500/101954 条，有效 27540 条
✅ 已验证 92000/101954 条，有效 27706 条
✅ 已验证 92500/101954 条，有效 27888 条
✅ 已验证 93000/101954 条，有效 28100 条
✅ 已验证 93500/101954 条，有效 28310 条
✅ 已验证 94000/101954 条，有效 28501 条
✅ 已验证 94500/101954 条，有效 28689 条
✅ 已验证 95000/101954 条，有效 28815 条
✅ 已验证 95500/101954 条，有效 29068 条
✅ 已验证 96000/101954 条，有效 29165 条
✅ 已验证 96500/101954 条，有效 29346 条
✅ 已验证 97000/101954 条，有效 29528 条
✅ 已验证 97500/101954 条，有效 29733 条
✅ 已验证 98000/101954 条，有效 29939 条
✅ 已验证 98500/101954 条，有效 30167 条
✅ 已验证 99000/101954 条，有效 30389 条
✅ 已验证 99500/101954 条，有效 30569 条
✅ 已验证 100000/101954 条，有效 30766 条
✅ 已验证 100500/101954 条，有效 30958 条
✅ 已验证 101000/101954 条，有效 31159 条
✅ 已验证 101500/101954 条，有效 31328 条
✅ 分片验证完成，有效 31529 条
✅ 分片 15 验证完成 → dist/validated_part_15.txt
