⏱ 开始验证分片 9，共 101882 条规则
🚀 启动 50 并发验证
✅ 已验证 500/101882 条，有效 267 条
✅ 已验证 1000/101882 条，有效 490 条
✅ 已验证 1500/101882 条，有效 679 条
✅ 已验证 2000/101882 条，有效 778 条
✅ 已验证 2500/101882 条，有效 1010 条
✅ 已验证 3000/101882 条，有效 1196 条
✅ 已验证 3500/101882 条，有效 1410 条
✅ 已验证 4000/101882 条，有效 1560 条
✅ 已验证 4500/101882 条，有效 1663 条
✅ 已验证 5000/101882 条，有效 1782 条
✅ 已验证 5500/101882 条，有效 1896 条
✅ 已验证 6000/101882 条，有效 2146 条
✅ 已验证 6500/101882 条，有效 2296 条
✅ 已验证 7000/101882 条，有效 2450 条
✅ 已验证 7500/101882 条，有效 2585 条
✅ 已验证 8000/101882 条，有效 2788 条
✅ 已验证 8500/101882 条，有效 3018 条
✅ 已验证 9000/101882 条，有效 3195 条
✅ 已验证 9500/101882 条，有效 3408 条
✅ 已验证 10000/101882 条，有效 3639 条
✅ 已验证 10500/101882 条，有效 3865 条
✅ 已验证 11000/101882 条，有效 4057 条
✅ 已验证 11500/101882 条，有效 4237 条
✅ 已验证 12000/101882 条，有效 4482 条
✅ 已验证 12500/101882 条，有效 4734 条
✅ 已验证 13000/101882 条，有效 5002 条
✅ 已验证 13500/101882 条，有效 5228 条
✅ 已验证 14000/101882 条，有效 5460 条
✅ 已验证 14500/101882 条，有效 5641 条
✅ 已验证 15000/101882 条，有效 5831 条
✅ 已验证 15500/101882 条，有效 6062 条
✅ 已验证 16000/101882 条，有效 6267 条
✅ 已验证 16500/101882 条，有效 6463 条
✅ 已验证 17000/101882 条，有效 6542 条
✅ 已验证 17500/101882 条，有效 6677 条
✅ 已验证 18000/101882 条，有效 6909 条
✅ 已验证 18500/101882 条，有效 7143 条
✅ 已验证 19000/101882 条，有效 7200 条
✅ 已验证 19500/101882 条，有效 7401 条
✅ 已验证 20000/101882 条，有效 7677 条
✅ 已验证 20500/101882 条，有效 8058 条
✅ 已验证 21000/101882 条，有效 8322 条
✅ 已验证 21500/101882 条，有效 8685 条
✅ 已验证 22000/101882 条，有效 8943 条
✅ 已验证 22500/101882 条，有效 9149 条
✅ 已验证 23000/101882 条，有效 9352 条
✅ 已验证 23500/101882 条，有效 9575 条
✅ 已验证 24000/101882 条，有效 9873 条
✅ 已验证 24500/101882 条，有效 10108 条
✅ 已验证 25000/101882 条，有效 10327 条
✅ 已验证 25500/101882 条，有效 10479 条
✅ 已验证 26000/101882 条，有效 10558 条
✅ 已验证 26500/101882 条，有效 10738 条
✅ 已验证 27000/101882 条，有效 10975 条
✅ 已验证 27500/101882 条，有效 11202 条
✅ 已验证 28000/101882 条，有效 11409 条
✅ 已验证 28500/101882 条，有效 11599 条
✅ 已验证 29000/101882 条，有效 11723 条
✅ 已验证 29500/101882 条，有效 11947 条
✅ 已验证 30000/101882 条，有效 12151 条
✅ 已验证 30500/101882 条，有效 12323 条
✅ 已验证 31000/101882 条，有效 12541 条
✅ 已验证 31500/101882 条，有效 12762 条
✅ 已验证 32000/101882 条，有效 12957 条
✅ 已验证 32500/101882 条，有效 13137 条
✅ 已验证 33000/101882 条，有效 13334 条
✅ 已验证 33500/101882 条，有效 13573 条
✅ 已验证 34000/101882 条，有效 13745 条
✅ 已验证 34500/101882 条，有效 13834 条
✅ 已验证 35000/101882 条，有效 14027 条
✅ 已验证 35500/101882 条，有效 14067 条
✅ 已验证 36000/101882 条，有效 14190 条
✅ 已验证 36500/101882 条，有效 14270 条
✅ 已验证 37000/101882 条，有效 14304 条
✅ 已验证 37500/101882 条，有效 14340 条
✅ 已验证 38000/101882 条，有效 14378 条
✅ 已验证 38500/101882 条，有效 14462 条
✅ 已验证 39000/101882 条，有效 14524 条
✅ 已验证 39500/101882 条，有效 14554 条
✅ 已验证 40000/101882 条，有效 14796 条
✅ 已验证 40500/101882 条，有效 15073 条
✅ 已验证 41000/101882 条，有效 15353 条
✅ 已验证 41500/101882 条，有效 15574 条
✅ 已验证 42000/101882 条，有效 15797 条
✅ 已验证 42500/101882 条，有效 15996 条
✅ 已验证 43000/101882 条，有效 16131 条
✅ 已验证 43500/101882 条，有效 16273 条
✅ 已验证 44000/101882 条，有效 16421 条
✅ 已验证 44500/101882 条，有效 16589 条
✅ 已验证 45000/101882 条，有效 16793 条
✅ 已验证 45500/101882 条，有效 16984 条
✅ 已验证 46000/101882 条，有效 17219 条
✅ 已验证 46500/101882 条，有效 17417 条
✅ 已验证 47000/101882 条，有效 17597 条
✅ 已验证 47500/101882 条，有效 17848 条
✅ 已验证 48000/101882 条，有效 18090 条
✅ 已验证 48500/101882 条，有效 18373 条
✅ 已验证 49000/101882 条，有效 18585 条
✅ 已验证 49500/101882 条，有效 18813 条
✅ 已验证 50000/101882 条，有效 19051 条
✅ 已验证 50500/101882 条，有效 19124 条
✅ 已验证 51000/101882 条，有效 19235 条
✅ 已验证 51500/101882 条，有效 19490 条
✅ 已验证 52000/101882 条，有效 19719 条
✅ 已验证 52500/101882 条，有效 19892 条
✅ 已验证 53000/101882 条，有效 20090 条
✅ 已验证 53500/101882 条，有效 20294 条
✅ 已验证 54000/101882 条，有效 20477 条
✅ 已验证 54500/101882 条，有效 20682 条
✅ 已验证 55000/101882 条，有效 20826 条
✅ 已验证 55500/101882 条，有效 21015 条
✅ 已验证 56000/101882 条，有效 21233 条
✅ 已验证 56500/101882 条，有效 21566 条
✅ 已验证 57000/101882 条，有效 21818 条
✅ 已验证 57500/101882 条，有效 22087 条
✅ 已验证 58000/101882 条，有效 22316 条
✅ 已验证 58500/101882 条，有效 22657 条
✅ 已验证 59000/101882 条，有效 23137 条
✅ 已验证 59500/101882 条，有效 23629 条
✅ 已验证 60000/101882 条，有效 24087 条
✅ 已验证 60500/101882 条，有效 24428 条
✅ 已验证 61000/101882 条，有效 24654 条
✅ 已验证 61500/101882 条，有效 24865 条
✅ 已验证 62000/101882 条，有效 25097 条
✅ 已验证 62500/101882 条，有效 25328 条
✅ 已验证 63000/101882 条，有效 25628 条
✅ 已验证 63500/101882 条，有效 25883 条
✅ 已验证 64000/101882 条，有效 26324 条
✅ 已验证 64500/101882 条，有效 26681 条
✅ 已验证 65000/101882 条，有效 26893 条
✅ 已验证 65500/101882 条，有效 27114 条
✅ 已验证 66000/101882 条，有效 27355 条
✅ 已验证 66500/101882 条，有效 27475 条
✅ 已验证 67000/101882 条，有效 27612 条
✅ 已验证 67500/101882 条，有效 27694 条
✅ 已验证 68000/101882 条，有效 27766 条
✅ 已验证 68500/101882 条，有效 27908 条
✅ 已验证 69000/101882 条，有效 28035 条
✅ 已验证 69500/101882 条，有效 28170 条
✅ 已验证 70000/101882 条，有效 28236 条
✅ 已验证 70500/101882 条，有效 28253 条
✅ 已验证 71000/101882 条，有效 28325 条
✅ 已验证 71500/101882 条，有效 28340 条
✅ 已验证 72000/101882 条，有效 28367 条
✅ 已验证 72500/101882 条，有效 28371 条
✅ 已验证 73000/101882 条，有效 28377 条
✅ 已验证 73500/101882 条，有效 28378 条
✅ 已验证 74000/101882 条，有效 28378 条
✅ 已验证 74500/101882 条，有效 28420 条
✅ 已验证 75000/101882 条，有效 28555 条
✅ 已验证 75500/101882 条，有效 28700 条
✅ 已验证 76000/101882 条，有效 28959 条
✅ 已验证 76500/101882 条，有效 29170 条
✅ 已验证 77000/101882 条，有效 29373 条
✅ 已验证 77500/101882 条，有效 29611 条
✅ 已验证 78000/101882 条，有效 29862 条
✅ 已验证 78500/101882 条，有效 30039 条
✅ 已验证 79000/101882 条，有效 30288 条
✅ 已验证 79500/101882 条，有效 30512 条
✅ 已验证 80000/101882 条，有效 30790 条
✅ 已验证 80500/101882 条，有效 31020 条
✅ 已验证 81000/101882 条，有效 31260 条
✅ 已验证 81500/101882 条，有效 31499 条
✅ 已验证 82000/101882 条，有效 31702 条
✅ 已验证 82500/101882 条，有效 31873 条
✅ 已验证 83000/101882 条，有效 32136 条
✅ 已验证 83500/101882 条，有效 32396 条
✅ 已验证 84000/101882 条，有效 32613 条
✅ 已验证 84500/101882 条，有效 32837 条
✅ 已验证 85000/101882 条，有效 33069 条
✅ 已验证 85500/101882 条，有效 33364 条
✅ 已验证 86000/101882 条，有效 33761 条
✅ 已验证 86500/101882 条，有效 34021 条
✅ 已验证 87000/101882 条，有效 34105 条
✅ 已验证 87500/101882 条，有效 34230 条
✅ 已验证 88000/101882 条，有效 34351 条
✅ 已验证 88500/101882 条，有效 34389 条
✅ 已验证 89000/101882 条，有效 34423 条
✅ 已验证 89500/101882 条，有效 34461 条
✅ 已验证 90000/101882 条，有效 34547 条
✅ 已验证 90500/101882 条，有效 34609 条
✅ 已验证 91000/101882 条，有效 34781 条
✅ 已验证 91500/101882 条，有效 35188 条
✅ 已验证 92000/101882 条，有效 35410 条
✅ 已验证 92500/101882 条，有效 35621 条
✅ 已验证 93000/101882 条，有效 35829 条
✅ 已验证 93500/101882 条，有效 36038 条
✅ 已验证 94000/101882 条，有效 36205 条
✅ 已验证 94500/101882 条，有效 36346 条
✅ 已验证 95000/101882 条，有效 36572 条
✅ 已验证 95500/101882 条，有效 36773 条
✅ 已验证 96000/101882 条，有效 36932 条
✅ 已验证 96500/101882 条，有效 37105 条
✅ 已验证 97000/101882 条，有效 37309 条
✅ 已验证 97500/101882 条，有效 37496 条
✅ 已验证 98000/101882 条，有效 37688 条
✅ 已验证 98500/101882 条，有效 37940 条
✅ 已验证 99000/101882 条，有效 38108 条
✅ 已验证 99500/101882 条，有效 38216 条
✅ 已验证 100000/101882 条，有效 38451 条
✅ 已验证 100500/101882 条，有效 38633 条
✅ 已验证 101000/101882 条，有效 38906 条
✅ 已验证 101500/101882 条，有效 39108 条
✅ 分片验证完成，有效 39306 条
✅ 分片 9 验证完成 → dist/validated_part_9.txt
