⏱ 开始验证分片 7，共 101935 条规则
🚀 启动 50 并发验证
✅ 已验证 500/101935 条，有效 153 条
✅ 已验证 1000/101935 条，有效 348 条
✅ 已验证 1500/101935 条，有效 579 条
✅ 已验证 2000/101935 条，有效 793 条
✅ 已验证 2500/101935 条，有效 979 条
✅ 已验证 3000/101935 条，有效 1161 条
✅ 已验证 3500/101935 条，有效 1404 条
✅ 已验证 4000/101935 条，有效 1620 条
✅ 已验证 4500/101935 条，有效 1806 条
✅ 已验证 5000/101935 条，有效 2073 条
✅ 已验证 5500/101935 条，有效 2368 条
✅ 已验证 6000/101935 条，有效 2569 条
✅ 已验证 6500/101935 条，有效 2785 条
✅ 已验证 7000/101935 条，有效 2994 条
✅ 已验证 7500/101935 条，有效 3103 条
✅ 已验证 8000/101935 条，有效 3360 条
✅ 已验证 8500/101935 条，有效 3704 条
✅ 已验证 9000/101935 条，有效 3945 条
✅ 已验证 9500/101935 条，有效 4189 条
✅ 已验证 10000/101935 条，有效 4415 条
✅ 已验证 10500/101935 条，有效 4593 条
✅ 已验证 11000/101935 条，有效 4833 条
✅ 已验证 11500/101935 条，有效 5045 条
✅ 已验证 12000/101935 条，有效 5257 条
✅ 已验证 12500/101935 条，有效 5455 条
✅ 已验证 13000/101935 条，有效 5718 条
✅ 已验证 13500/101935 条，有效 6207 条
✅ 已验证 14000/101935 条，有效 6500 条
✅ 已验证 14500/101935 条，有效 6924 条
✅ 已验证 15000/101935 条，有效 7215 条
✅ 已验证 15500/101935 条，有效 7492 条
✅ 已验证 16000/101935 条，有效 7778 条
✅ 已验证 16500/101935 条，有效 8095 条
✅ 已验证 17000/101935 条，有效 8553 条
✅ 已验证 17500/101935 条，有效 9009 条
✅ 已验证 18000/101935 条，有效 9448 条
✅ 已验证 18500/101935 条，有效 9878 条
✅ 已验证 19000/101935 条，有效 10163 条
✅ 已验证 19500/101935 条，有效 10428 条
✅ 已验证 20000/101935 条，有效 10696 条
✅ 已验证 20500/101935 条，有效 10972 条
✅ 已验证 21000/101935 条，有效 11202 条
✅ 已验证 21500/101935 条，有效 11460 条
✅ 已验证 22000/101935 条，有效 11693 条
✅ 已验证 22500/101935 条，有效 11924 条
✅ 已验证 23000/101935 条，有效 12229 条
✅ 已验证 23500/101935 条，有效 12685 条
✅ 已验证 24000/101935 条，有效 13155 条
✅ 已验证 24500/101935 条，有效 13601 条
✅ 已验证 25000/101935 条，有效 14056 条
✅ 已验证 25500/101935 条，有效 14510 条
✅ 已验证 26000/101935 条，有效 14905 条
✅ 已验证 26500/101935 条，有效 15115 条
✅ 已验证 27000/101935 条，有效 15339 条
✅ 已验证 27500/101935 条，有效 15605 条
✅ 已验证 28000/101935 条，有效 15847 条
✅ 已验证 28500/101935 条，有效 16064 条
✅ 已验证 29000/101935 条，有效 16130 条
✅ 已验证 29500/101935 条，有效 16364 条
✅ 已验证 30000/101935 条，有效 16653 条
✅ 已验证 30500/101935 条，有效 16726 条
✅ 已验证 31000/101935 条，有效 16818 条
✅ 已验证 31500/101935 条，有效 17151 条
✅ 已验证 32000/101935 条，有效 17445 条
✅ 已验证 32500/101935 条，有效 17677 条
✅ 已验证 33000/101935 条，有效 17932 条
✅ 已验证 33500/101935 条，有效 18194 条
✅ 已验证 34000/101935 条，有效 18366 条
✅ 已验证 34500/101935 条，有效 18589 条
✅ 已验证 35000/101935 条，有效 18845 条
✅ 已验证 35500/101935 条，有效 19128 条
✅ 已验证 36000/101935 条，有效 19402 条
✅ 已验证 36500/101935 条，有效 19597 条
✅ 已验证 37000/101935 条，有效 19777 条
✅ 已验证 37500/101935 条，有效 20050 条
✅ 已验证 38000/101935 条，有效 20205 条
✅ 已验证 38500/101935 条，有效 20357 条
✅ 已验证 39000/101935 条，有效 20519 条
✅ 已验证 39500/101935 条，有效 20756 条
✅ 已验证 40000/101935 条，有效 20997 条
✅ 已验证 40500/101935 条，有效 21200 条
✅ 已验证 41000/101935 条，有效 21453 条
✅ 已验证 41500/101935 条，有效 21529 条
✅ 已验证 42000/101935 条，有效 21529 条
✅ 已验证 42500/101935 条，有效 21529 条
✅ 已验证 43000/101935 条，有效 21529 条
✅ 已验证 43500/101935 条，有效 21604 条
✅ 已验证 44000/101935 条，有效 21823 条
✅ 已验证 44500/101935 条，有效 22034 条
✅ 已验证 45000/101935 条，有效 22254 条
✅ 已验证 45500/101935 条，有效 22394 条
✅ 已验证 46000/101935 条，有效 22586 条
✅ 已验证 46500/101935 条，有效 22737 条
✅ 已验证 47000/101935 条，有效 22951 条
✅ 已验证 47500/101935 条，有效 23156 条
✅ 已验证 48000/101935 条，有效 23392 条
✅ 已验证 48500/101935 条，有效 23613 条
✅ 已验证 49000/101935 条，有效 23841 条
✅ 已验证 49500/101935 条，有效 24062 条
✅ 已验证 50000/101935 条，有效 24255 条
✅ 已验证 50500/101935 条，有效 24423 条
✅ 已验证 51000/101935 条，有效 24644 条
✅ 已验证 51500/101935 条，有效 24884 条
✅ 已验证 52000/101935 条，有效 25098 条
✅ 已验证 52500/101935 条，有效 25313 条
✅ 已验证 53000/101935 条，有效 25511 条
✅ 已验证 53500/101935 条，有效 25725 条
✅ 已验证 54000/101935 条，有效 25920 条
✅ 已验证 54500/101935 条，有效 26135 条
✅ 已验证 55000/101935 条，有效 26345 条
✅ 已验证 55500/101935 条，有效 26544 条
✅ 已验证 56000/101935 条，有效 26785 条
✅ 已验证 56500/101935 条，有效 27043 条
✅ 已验证 57000/101935 条，有效 27228 条
✅ 已验证 57500/101935 条，有效 27421 条
✅ 已验证 58000/101935 条，有效 27601 条
✅ 已验证 58500/101935 条，有效 27861 条
✅ 已验证 59000/101935 条，有效 28130 条
✅ 已验证 59500/101935 条，有效 28363 条
✅ 已验证 60000/101935 条，有效 28590 条
✅ 已验证 60500/101935 条，有效 28820 条
✅ 已验证 61000/101935 条，有效 29038 条
✅ 已验证 61500/101935 条，有效 29245 条
✅ 已验证 62000/101935 条，有效 29451 条
✅ 已验证 62500/101935 条，有效 29652 条
✅ 已验证 63000/101935 条，有效 29845 条
✅ 已验证 63500/101935 条，有效 30114 条
✅ 已验证 64000/101935 条，有效 30339 条
✅ 已验证 64500/101935 条，有效 30587 条
✅ 已验证 65000/101935 条，有效 30815 条
✅ 已验证 65500/101935 条，有效 31053 条
✅ 已验证 66000/101935 条，有效 31264 条
✅ 已验证 66500/101935 条，有效 31500 条
✅ 已验证 67000/101935 条，有效 31709 条
✅ 已验证 67500/101935 条，有效 31930 条
✅ 已验证 68000/101935 条，有效 32154 条
✅ 已验证 68500/101935 条，有效 32365 条
✅ 已验证 69000/101935 条，有效 32604 条
✅ 已验证 69500/101935 条，有效 32794 条
✅ 已验证 70000/101935 条，有效 32986 条
✅ 已验证 70500/101935 条，有效 33177 条
✅ 已验证 71000/101935 条，有效 33393 条
✅ 已验证 71500/101935 条，有效 33646 条
✅ 已验证 72000/101935 条，有效 33875 条
✅ 已验证 72500/101935 条，有效 34066 条
✅ 已验证 73000/101935 条，有效 34300 条
✅ 已验证 73500/101935 条，有效 34514 条
✅ 已验证 74000/101935 条，有效 34737 条
✅ 已验证 74500/101935 条，有效 34994 条
✅ 已验证 75000/101935 条，有效 35209 条
✅ 已验证 75500/101935 条，有效 35433 条
✅ 已验证 76000/101935 条，有效 35669 条
✅ 已验证 76500/101935 条，有效 35909 条
✅ 已验证 77000/101935 条，有效 36189 条
✅ 已验证 77500/101935 条，有效 36437 条
✅ 已验证 78000/101935 条，有效 36691 条
✅ 已验证 78500/101935 条，有效 36923 条
✅ 已验证 79000/101935 条，有效 37124 条
✅ 已验证 79500/101935 条，有效 37334 条
✅ 已验证 80000/101935 条，有效 37581 条
✅ 已验证 80500/101935 条，有效 37961 条
✅ 已验证 81000/101935 条，有效 38189 条
✅ 已验证 81500/101935 条，有效 38425 条
✅ 已验证 82000/101935 条，有效 38673 条
✅ 已验证 82500/101935 条，有效 38896 条
✅ 已验证 83000/101935 条，有效 39143 条
✅ 已验证 83500/101935 条，有效 39385 条
✅ 已验证 84000/101935 条，有效 39577 条
✅ 已验证 84500/101935 条，有效 39775 条
✅ 已验证 85000/101935 条，有效 40002 条
✅ 已验证 85500/101935 条，有效 40191 条
✅ 已验证 86000/101935 条，有效 40410 条
✅ 已验证 86500/101935 条，有效 40662 条
✅ 已验证 87000/101935 条，有效 40963 条
✅ 已验证 87500/101935 条，有效 41171 条
✅ 已验证 88000/101935 条，有效 41408 条
✅ 已验证 88500/101935 条，有效 41586 条
✅ 已验证 89000/101935 条，有效 41849 条
✅ 已验证 89500/101935 条，有效 42101 条
✅ 已验证 90000/101935 条，有效 42318 条
✅ 已验证 90500/101935 条，有效 42546 条
✅ 已验证 91000/101935 条，有效 42762 条
✅ 已验证 91500/101935 条，有效 43004 条
✅ 已验证 92000/101935 条，有效 43248 条
✅ 已验证 92500/101935 条，有效 43463 条
✅ 已验证 93000/101935 条，有效 43669 条
✅ 已验证 93500/101935 条，有效 43836 条
✅ 已验证 94000/101935 条，有效 44031 条
✅ 已验证 94500/101935 条，有效 44303 条
✅ 已验证 95000/101935 条，有效 44769 条
✅ 已验证 95500/101935 条，有效 45237 条
✅ 已验证 96000/101935 条，有效 45715 条
✅ 已验证 96500/101935 条，有效 46195 条
✅ 已验证 97000/101935 条，有效 46615 条
✅ 已验证 97500/101935 条，有效 46880 条
✅ 已验证 98000/101935 条，有效 47261 条
✅ 已验证 98500/101935 条，有效 47479 条
✅ 已验证 99000/101935 条，有效 47684 条
✅ 已验证 99500/101935 条，有效 47916 条
✅ 已验证 100000/101935 条，有效 48173 条
✅ 已验证 100500/101935 条，有效 48375 条
✅ 已验证 101000/101935 条，有效 48562 条
✅ 已验证 101500/101935 条，有效 48781 条
✅ 分片验证完成，有效 48950 条
✅ 分片 7 验证完成 → dist/validated_part_7.txt
