⏱ 开始验证分片 4，共 101882 条规则
🚀 启动 50 并发验证
✅ 已验证 500/101882 条，有效 255 条
✅ 已验证 1000/101882 条，有效 526 条
✅ 已验证 1500/101882 条，有效 805 条
✅ 已验证 2000/101882 条，有效 1094 条
✅ 已验证 2500/101882 条，有效 1341 条
✅ 已验证 3000/101882 条，有效 1578 条
✅ 已验证 3500/101882 条，有效 1760 条
✅ 已验证 4000/101882 条，有效 1924 条
✅ 已验证 4500/101882 条，有效 2157 条
✅ 已验证 5000/101882 条，有效 2367 条
✅ 已验证 5500/101882 条，有效 2742 条
✅ 已验证 6000/101882 条，有效 3219 条
✅ 已验证 6500/101882 条，有效 3682 条
✅ 已验证 7000/101882 条，有效 4145 条
✅ 已验证 7500/101882 条，有效 4620 条
✅ 已验证 8000/101882 条，有效 5012 条
✅ 已验证 8500/101882 条，有效 5303 条
✅ 已验证 9000/101882 条，有效 5609 条
✅ 已验证 9500/101882 条，有效 5853 条
✅ 已验证 10000/101882 条，有效 6159 条
✅ 已验证 10500/101882 条，有效 6323 条
✅ 已验证 11000/101882 条，有效 6766 条
✅ 已验证 11500/101882 条，有效 7203 条
✅ 已验证 12000/101882 条，有效 7426 条
✅ 已验证 12500/101882 条，有效 7647 条
✅ 已验证 13000/101882 条，有效 7930 条
✅ 已验证 13500/101882 条，有效 8172 条
✅ 已验证 14000/101882 条，有效 8439 条
✅ 已验证 14500/101882 条，有效 8625 条
✅ 已验证 15000/101882 条，有效 8849 条
✅ 已验证 15500/101882 条，有效 9082 条
✅ 已验证 16000/101882 条，有效 9152 条
✅ 已验证 16500/101882 条，有效 9153 条
✅ 已验证 17000/101882 条，有效 9154 条
✅ 已验证 17500/101882 条，有效 9157 条
✅ 已验证 18000/101882 条，有效 9187 条
✅ 已验证 18500/101882 条，有效 9387 条
✅ 已验证 19000/101882 条，有效 9631 条
✅ 已验证 19500/101882 条，有效 9841 条
✅ 已验证 20000/101882 条，有效 10178 条
✅ 已验证 20500/101882 条，有效 10624 条
✅ 已验证 21000/101882 条，有效 10806 条
✅ 已验证 21500/101882 条，有效 10986 条
✅ 已验证 22000/101882 条，有效 11009 条
✅ 已验证 22500/101882 条，有效 11162 条
✅ 已验证 23000/101882 条，有效 11403 条
✅ 已验证 23500/101882 条，有效 11713 条
✅ 已验证 24000/101882 条，有效 11946 条
✅ 已验证 24500/101882 条，有效 12079 条
✅ 已验证 25000/101882 条，有效 12082 条
✅ 已验证 25500/101882 条，有效 12082 条
✅ 已验证 26000/101882 条，有效 12082 条
✅ 已验证 26500/101882 条，有效 12088 条
✅ 已验证 27000/101882 条，有效 12093 条
✅ 已验证 27500/101882 条，有效 12240 条
✅ 已验证 28000/101882 条，有效 12502 条
✅ 已验证 28500/101882 条，有效 12708 条
✅ 已验证 29000/101882 条，有效 12826 条
✅ 已验证 29500/101882 条，有效 12829 条
✅ 已验证 30000/101882 条，有效 13004 条
✅ 已验证 30500/101882 条，有效 13342 条
✅ 已验证 31000/101882 条，有效 13592 条
✅ 已验证 31500/101882 条，有效 13790 条
✅ 已验证 32000/101882 条，有效 14041 条
✅ 已验证 32500/101882 条，有效 14416 条
✅ 已验证 33000/101882 条，有效 14750 条
✅ 已验证 33500/101882 条，有效 15030 条
✅ 已验证 34000/101882 条，有效 15324 条
✅ 已验证 34500/101882 条，有效 15534 条
✅ 已验证 35000/101882 条，有效 15746 条
✅ 已验证 35500/101882 条，有效 15954 条
✅ 已验证 36000/101882 条，有效 16205 条
✅ 已验证 36500/101882 条，有效 16434 条
✅ 已验证 37000/101882 条，有效 16460 条
✅ 已验证 37500/101882 条，有效 16462 条
✅ 已验证 38000/101882 条，有效 16756 条
✅ 已验证 38500/101882 条，有效 17022 条
✅ 已验证 39000/101882 条，有效 17249 条
✅ 已验证 39500/101882 条，有效 17536 条
✅ 已验证 40000/101882 条，有效 17798 条
✅ 已验证 40500/101882 条，有效 18070 条
✅ 已验证 41000/101882 条，有效 18338 条
✅ 已验证 41500/101882 条，有效 18568 条
✅ 已验证 42000/101882 条，有效 18839 条
✅ 已验证 42500/101882 条，有效 19088 条
✅ 已验证 43000/101882 条，有效 19337 条
✅ 已验证 43500/101882 条，有效 19514 条
✅ 已验证 44000/101882 条，有效 19517 条
✅ 已验证 44500/101882 条，有效 19640 条
✅ 已验证 45000/101882 条，有效 19874 条
✅ 已验证 45500/101882 条，有效 20102 条
✅ 已验证 46000/101882 条，有效 20401 条
✅ 已验证 46500/101882 条，有效 20689 条
✅ 已验证 47000/101882 条，有效 20891 条
✅ 已验证 47500/101882 条，有效 21040 条
✅ 已验证 48000/101882 条，有效 21402 条
✅ 已验证 48500/101882 条，有效 21761 条
✅ 已验证 49000/101882 条，有效 22039 条
✅ 已验证 49500/101882 条，有效 22284 条
✅ 已验证 50000/101882 条，有效 22491 条
✅ 已验证 50500/101882 条，有效 22722 条
✅ 已验证 51000/101882 条，有效 22951 条
✅ 已验证 51500/101882 条，有效 23212 条
✅ 已验证 52000/101882 条，有效 23472 条
✅ 已验证 52500/101882 条，有效 23661 条
✅ 已验证 53000/101882 条，有效 23922 条
✅ 已验证 53500/101882 条，有效 24184 条
✅ 已验证 54000/101882 条，有效 24520 条
✅ 已验证 54500/101882 条，有效 24720 条
✅ 已验证 55000/101882 条，有效 25079 条
✅ 已验证 55500/101882 条，有效 25425 条
✅ 已验证 56000/101882 条，有效 25767 条
✅ 已验证 56500/101882 条，有效 26107 条
✅ 已验证 57000/101882 条，有效 26355 条
✅ 已验证 57500/101882 条，有效 26599 条
✅ 已验证 58000/101882 条，有效 26839 条
✅ 已验证 58500/101882 条，有效 27070 条
✅ 已验证 59000/101882 条，有效 27287 条
✅ 已验证 59500/101882 条，有效 27479 条
✅ 已验证 60000/101882 条，有效 27713 条
✅ 已验证 60500/101882 条，有效 27954 条
✅ 已验证 61000/101882 条，有效 28394 条
✅ 已验证 61500/101882 条，有效 28894 条
✅ 已验证 62000/101882 条，有效 29393 条
✅ 已验证 62500/101882 条，有效 29883 条
✅ 已验证 63000/101882 条，有效 30360 条
✅ 已验证 63500/101882 条，有效 30805 条
✅ 已验证 64000/101882 条，有效 31284 条
✅ 已验证 64500/101882 条，有效 31757 条
✅ 已验证 65000/101882 条，有效 32037 条
✅ 已验证 65500/101882 条，有效 32260 条
✅ 已验证 66000/101882 条，有效 32431 条
✅ 已验证 66500/101882 条，有效 32669 条
✅ 已验证 67000/101882 条，有效 32828 条
✅ 已验证 67500/101882 条，有效 33000 条
✅ 已验证 68000/101882 条，有效 33289 条
✅ 已验证 68500/101882 条，有效 33548 条
✅ 已验证 69000/101882 条，有效 33801 条
✅ 已验证 69500/101882 条，有效 33996 条
✅ 已验证 70000/101882 条，有效 34212 条
✅ 已验证 70500/101882 条，有效 34409 条
✅ 已验证 71000/101882 条，有效 34650 条
✅ 已验证 71500/101882 条，有效 34818 条
✅ 已验证 72000/101882 条，有效 34995 条
✅ 已验证 72500/101882 条，有效 35238 条
✅ 已验证 73000/101882 条，有效 35513 条
✅ 已验证 73500/101882 条，有效 35744 条
✅ 已验证 74000/101882 条，有效 35969 条
✅ 已验证 74500/101882 条，有效 36185 条
✅ 已验证 75000/101882 条，有效 36407 条
✅ 已验证 75500/101882 条，有效 36648 条
✅ 已验证 76000/101882 条，有效 36872 条
✅ 已验证 76500/101882 条，有效 37139 条
✅ 已验证 77000/101882 条，有效 37353 条
✅ 已验证 77500/101882 条，有效 37661 条
✅ 已验证 78000/101882 条，有效 37890 条
✅ 已验证 78500/101882 条，有效 38153 条
✅ 已验证 79000/101882 条，有效 38375 条
✅ 已验证 79500/101882 条，有效 38553 条
✅ 已验证 80000/101882 条，有效 38783 条
✅ 已验证 80500/101882 条，有效 38997 条
✅ 已验证 81000/101882 条，有效 39236 条
✅ 已验证 81500/101882 条，有效 39481 条
✅ 已验证 82000/101882 条，有效 39821 条
✅ 已验证 82500/101882 条，有效 40058 条
✅ 已验证 83000/101882 条，有效 40259 条
✅ 已验证 83500/101882 条，有效 40548 条
✅ 已验证 84000/101882 条，有效 40817 条
✅ 已验证 84500/101882 条，有效 40828 条
✅ 已验证 85000/101882 条，有效 40962 条
✅ 已验证 85500/101882 条，有效 41239 条
✅ 已验证 86000/101882 条，有效 41480 条
✅ 已验证 86500/101882 条，有效 41723 条
✅ 已验证 87000/101882 条，有效 41950 条
✅ 已验证 87500/101882 条，有效 42166 条
✅ 已验证 88000/101882 条，有效 42427 条
✅ 已验证 88500/101882 条，有效 42716 条
✅ 已验证 89000/101882 条，有效 42928 条
✅ 已验证 89500/101882 条，有效 43108 条
✅ 已验证 90000/101882 条，有效 43303 条
✅ 已验证 90500/101882 条，有效 43437 条
✅ 已验证 91000/101882 条，有效 43644 条
✅ 已验证 91500/101882 条，有效 43750 条
✅ 已验证 92000/101882 条，有效 43928 条
✅ 已验证 92500/101882 条，有效 44139 条
✅ 已验证 93000/101882 条，有效 44335 条
✅ 已验证 93500/101882 条，有效 44472 条
✅ 已验证 94000/101882 条，有效 44664 条
✅ 已验证 94500/101882 条，有效 44871 条
✅ 已验证 95000/101882 条，有效 44958 条
✅ 已验证 95500/101882 条，有效 45226 条
✅ 已验证 96000/101882 条，有效 45495 条
✅ 已验证 96500/101882 条，有效 45697 条
✅ 已验证 97000/101882 条，有效 45885 条
✅ 已验证 97500/101882 条，有效 46121 条
✅ 已验证 98000/101882 条，有效 46374 条
✅ 已验证 98500/101882 条，有效 46608 条
✅ 已验证 99000/101882 条，有效 46794 条
✅ 已验证 99500/101882 条，有效 46985 条
✅ 已验证 100000/101882 条，有效 47129 条
✅ 已验证 100500/101882 条，有效 47342 条
✅ 已验证 101000/101882 条，有效 47624 条
✅ 已验证 101500/101882 条，有效 48024 条
✅ 分片验证完成，有效 48298 条
✅ 分片 4 验证完成 → dist/validated_part_4.txt
