⏱ 验证分片 8，共 102070 条规则
🚀 启动 50 并发验证，总共 102070 条规则
✅ 已验证 500/102070 条, 本批有效 230, 累计有效 230
✅ 已验证 1000/102070 条, 本批有效 205, 累计有效 435
✅ 已验证 1500/102070 条, 本批有效 70, 累计有效 505
✅ 已验证 2000/102070 条, 本批有效 0, 累计有效 505
✅ 已验证 2500/102070 条, 本批有效 0, 累计有效 505
✅ 已验证 3000/102070 条, 本批有效 0, 累计有效 505
✅ 已验证 3500/102070 条, 本批有效 111, 累计有效 616
✅ 已验证 4000/102070 条, 本批有效 225, 累计有效 841
✅ 已验证 4500/102070 条, 本批有效 495, 累计有效 1336
✅ 已验证 5000/102070 条, 本批有效 500, 累计有效 1836
✅ 已验证 5500/102070 条, 本批有效 499, 累计有效 2335
✅ 已验证 6000/102070 条, 本批有效 500, 累计有效 2835
✅ 已验证 6500/102070 条, 本批有效 496, 累计有效 3331
✅ 已验证 7000/102070 条, 本批有效 497, 累计有效 3828
✅ 已验证 7500/102070 条, 本批有效 498, 累计有效 4326
✅ 已验证 8000/102070 条, 本批有效 499, 累计有效 4825
✅ 已验证 8500/102070 条, 本批有效 497, 累计有效 5322
✅ 已验证 9000/102070 条, 本批有效 498, 累计有效 5820
✅ 已验证 9500/102070 条, 本批有效 500, 累计有效 6320
✅ 已验证 10000/102070 条, 本批有效 495, 累计有效 6815
✅ 已验证 10500/102070 条, 本批有效 259, 累计有效 7074
✅ 已验证 11000/102070 条, 本批有效 184, 累计有效 7258
✅ 已验证 11500/102070 条, 本批有效 210, 累计有效 7468
✅ 已验证 12000/102070 条, 本批有效 391, 累计有效 7859
✅ 已验证 12500/102070 条, 本批有效 340, 累计有效 8199
✅ 已验证 13000/102070 条, 本批有效 183, 累计有效 8382
✅ 已验证 13500/102070 条, 本批有效 176, 累计有效 8558
✅ 已验证 14000/102070 条, 本批有效 188, 累计有效 8746
✅ 已验证 14500/102070 条, 本批有效 313, 累计有效 9059
✅ 已验证 15000/102070 条, 本批有效 184, 累计有效 9243
✅ 已验证 15500/102070 条, 本批有效 213, 累计有效 9456
✅ 已验证 16000/102070 条, 本批有效 194, 累计有效 9650
✅ 已验证 16500/102070 条, 本批有效 198, 累计有效 9848
✅ 已验证 17000/102070 条, 本批有效 225, 累计有效 10073
✅ 已验证 17500/102070 条, 本批有效 223, 累计有效 10296
✅ 已验证 18000/102070 条, 本批有效 191, 累计有效 10487
✅ 已验证 18500/102070 条, 本批有效 335, 累计有效 10822
✅ 已验证 19000/102070 条, 本批有效 212, 累计有效 11034
✅ 已验证 19500/102070 条, 本批有效 211, 累计有效 11245
✅ 已验证 20000/102070 条, 本批有效 241, 累计有效 11486
✅ 已验证 20500/102070 条, 本批有效 221, 累计有效 11707
✅ 已验证 21000/102070 条, 本批有效 266, 累计有效 11973
✅ 已验证 21500/102070 条, 本批有效 273, 累计有效 12246
✅ 已验证 22000/102070 条, 本批有效 258, 累计有效 12504
✅ 已验证 22500/102070 条, 本批有效 250, 累计有效 12754
✅ 已验证 23000/102070 条, 本批有效 245, 累计有效 12999
✅ 已验证 23500/102070 条, 本批有效 224, 累计有效 13223
✅ 已验证 24000/102070 条, 本批有效 188, 累计有效 13411
✅ 已验证 24500/102070 条, 本批有效 209, 累计有效 13620
✅ 已验证 25000/102070 条, 本批有效 250, 累计有效 13870
✅ 已验证 25500/102070 条, 本批有效 175, 累计有效 14045
✅ 已验证 26000/102070 条, 本批有效 167, 累计有效 14212
✅ 已验证 26500/102070 条, 本批有效 323, 累计有效 14535
✅ 已验证 27000/102070 条, 本批有效 133, 累计有效 14668
✅ 已验证 27500/102070 条, 本批有效 189, 累计有效 14857
✅ 已验证 28000/102070 条, 本批有效 240, 累计有效 15097
✅ 已验证 28500/102070 条, 本批有效 231, 累计有效 15328
✅ 已验证 29000/102070 条, 本批有效 235, 累计有效 15563
✅ 已验证 29500/102070 条, 本批有效 176, 累计有效 15739
✅ 已验证 30000/102070 条, 本批有效 204, 累计有效 15943
✅ 已验证 30500/102070 条, 本批有效 263, 累计有效 16206
✅ 已验证 31000/102070 条, 本批有效 299, 累计有效 16505
✅ 已验证 31500/102070 条, 本批有效 197, 累计有效 16702
✅ 已验证 32000/102070 条, 本批有效 101, 累计有效 16803
✅ 已验证 32500/102070 条, 本批有效 176, 累计有效 16979
✅ 已验证 33000/102070 条, 本批有效 214, 累计有效 17193
✅ 已验证 33500/102070 条, 本批有效 186, 累计有效 17379
✅ 已验证 34000/102070 条, 本批有效 218, 累计有效 17597
✅ 已验证 34500/102070 条, 本批有效 204, 累计有效 17801
✅ 已验证 35000/102070 条, 本批有效 238, 累计有效 18039
✅ 已验证 35500/102070 条, 本批有效 193, 累计有效 18232
✅ 已验证 36000/102070 条, 本批有效 262, 累计有效 18494
✅ 已验证 36500/102070 条, 本批有效 317, 累计有效 18811
✅ 已验证 37000/102070 条, 本批有效 433, 累计有效 19244
✅ 已验证 37500/102070 条, 本批有效 448, 累计有效 19692
✅ 已验证 38000/102070 条, 本批有效 443, 累计有效 20135
✅ 已验证 38500/102070 条, 本批有效 457, 累计有效 20592
✅ 已验证 39000/102070 条, 本批有效 439, 累计有效 21031
✅ 已验证 39500/102070 条, 本批有效 271, 累计有效 21302
✅ 已验证 40000/102070 条, 本批有效 261, 累计有效 21563
✅ 已验证 40500/102070 条, 本批有效 186, 累计有效 21749
✅ 已验证 41000/102070 条, 本批有效 223, 累计有效 21972
✅ 已验证 41500/102070 条, 本批有效 229, 累计有效 22201
✅ 已验证 42000/102070 条, 本批有效 338, 累计有效 22539
✅ 已验证 42500/102070 条, 本批有效 240, 累计有效 22779
✅ 已验证 43000/102070 条, 本批有效 210, 累计有效 22989
✅ 已验证 43500/102070 条, 本批有效 208, 累计有效 23197
✅ 已验证 44000/102070 条, 本批有效 232, 累计有效 23429
✅ 已验证 44500/102070 条, 本批有效 253, 累计有效 23682
✅ 已验证 45000/102070 条, 本批有效 259, 累计有效 23941
✅ 已验证 45500/102070 条, 本批有效 325, 累计有效 24266
✅ 已验证 46000/102070 条, 本批有效 275, 累计有效 24541
✅ 已验证 46500/102070 条, 本批有效 249, 累计有效 24790
✅ 已验证 47000/102070 条, 本批有效 181, 累计有效 24971
✅ 已验证 47500/102070 条, 本批有效 169, 累计有效 25140
✅ 已验证 48000/102070 条, 本批有效 239, 累计有效 25379
✅ 已验证 48500/102070 条, 本批有效 230, 累计有效 25609
✅ 已验证 49000/102070 条, 本批有效 194, 累计有效 25803
✅ 已验证 49500/102070 条, 本批有效 230, 累计有效 26033
✅ 已验证 50000/102070 条, 本批有效 219, 累计有效 26252
✅ 已验证 50500/102070 条, 本批有效 225, 累计有效 26477
✅ 已验证 51000/102070 条, 本批有效 261, 累计有效 26738
✅ 已验证 51500/102070 条, 本批有效 232, 累计有效 26970
✅ 已验证 52000/102070 条, 本批有效 327, 累计有效 27297
✅ 已验证 52500/102070 条, 本批有效 361, 累计有效 27658
✅ 已验证 53000/102070 条, 本批有效 452, 累计有效 28110
✅ 已验证 53500/102070 条, 本批有效 474, 累计有效 28584
✅ 已验证 54000/102070 条, 本批有效 454, 累计有效 29038
✅ 已验证 54500/102070 条, 本批有效 458, 累计有效 29496
✅ 已验证 55000/102070 条, 本批有效 340, 累计有效 29836
✅ 已验证 55500/102070 条, 本批有效 278, 累计有效 30114
✅ 已验证 56000/102070 条, 本批有效 354, 累计有效 30468
✅ 已验证 56500/102070 条, 本批有效 211, 累计有效 30679
✅ 已验证 57000/102070 条, 本批有效 229, 累计有效 30908
✅ 已验证 57500/102070 条, 本批有效 129, 累计有效 31037
✅ 已验证 58000/102070 条, 本批有效 107, 累计有效 31144
✅ 已验证 58500/102070 条, 本批有效 148, 累计有效 31292
✅ 已验证 59000/102070 条, 本批有效 144, 累计有效 31436
✅ 已验证 59500/102070 条, 本批有效 97, 累计有效 31533
✅ 已验证 60000/102070 条, 本批有效 199, 累计有效 31732
✅ 已验证 60500/102070 条, 本批有效 216, 累计有效 31948
✅ 已验证 61000/102070 条, 本批有效 187, 累计有效 32135
✅ 已验证 61500/102070 条, 本批有效 228, 累计有效 32363
✅ 已验证 62000/102070 条, 本批有效 227, 累计有效 32590
✅ 已验证 62500/102070 条, 本批有效 244, 累计有效 32834
✅ 已验证 63000/102070 条, 本批有效 203, 累计有效 33037
✅ 已验证 63500/102070 条, 本批有效 137, 累计有效 33174
✅ 已验证 64000/102070 条, 本批有效 166, 累计有效 33340
✅ 已验证 64500/102070 条, 本批有效 338, 累计有效 33678
✅ 已验证 65000/102070 条, 本批有效 356, 累计有效 34034
✅ 已验证 65500/102070 条, 本批有效 366, 累计有效 34400
✅ 已验证 66000/102070 条, 本批有效 351, 累计有效 34751
✅ 已验证 66500/102070 条, 本批有效 361, 累计有效 35112
✅ 已验证 67000/102070 条, 本批有效 327, 累计有效 35439
✅ 已验证 67500/102070 条, 本批有效 347, 累计有效 35786
✅ 已验证 68000/102070 条, 本批有效 356, 累计有效 36142
✅ 已验证 68500/102070 条, 本批有效 495, 累计有效 36637
✅ 已验证 69000/102070 条, 本批有效 497, 累计有效 37134
✅ 已验证 69500/102070 条, 本批有效 486, 累计有效 37620
✅ 已验证 70000/102070 条, 本批有效 488, 累计有效 38108
✅ 已验证 70500/102070 条, 本批有效 493, 累计有效 38601
✅ 已验证 71000/102070 条, 本批有效 493, 累计有效 39094
✅ 已验证 71500/102070 条, 本批有效 491, 累计有效 39585
✅ 已验证 72000/102070 条, 本批有效 492, 累计有效 40077
✅ 已验证 72500/102070 条, 本批有效 490, 累计有效 40567
✅ 已验证 73000/102070 条, 本批有效 489, 累计有效 41056
✅ 已验证 73500/102070 条, 本批有效 472, 累计有效 41528
✅ 已验证 74000/102070 条, 本批有效 459, 累计有效 41987
✅ 已验证 74500/102070 条, 本批有效 440, 累计有效 42427
✅ 已验证 75000/102070 条, 本批有效 231, 累计有效 42658
✅ 已验证 75500/102070 条, 本批有效 236, 累计有效 42894
✅ 已验证 76000/102070 条, 本批有效 223, 累计有效 43117
✅ 已验证 76500/102070 条, 本批有效 210, 累计有效 43327
✅ 已验证 77000/102070 条, 本批有效 187, 累计有效 43514
✅ 已验证 77500/102070 条, 本批有效 122, 累计有效 43636
✅ 已验证 78000/102070 条, 本批有效 227, 累计有效 43863
✅ 已验证 78500/102070 条, 本批有效 234, 累计有效 44097
✅ 已验证 79000/102070 条, 本批有效 242, 累计有效 44339
✅ 已验证 79500/102070 条, 本批有效 221, 累计有效 44560
✅ 已验证 80000/102070 条, 本批有效 214, 累计有效 44774
✅ 已验证 80500/102070 条, 本批有效 263, 累计有效 45037
✅ 已验证 81000/102070 条, 本批有效 206, 累计有效 45243
✅ 已验证 81500/102070 条, 本批有效 214, 累计有效 45457
✅ 已验证 82000/102070 条, 本批有效 209, 累计有效 45666
✅ 已验证 82500/102070 条, 本批有效 190, 累计有效 45856
✅ 已验证 83000/102070 条, 本批有效 279, 累计有效 46135
✅ 已验证 83500/102070 条, 本批有效 240, 累计有效 46375
✅ 已验证 84000/102070 条, 本批有效 199, 累计有效 46574
✅ 已验证 84500/102070 条, 本批有效 242, 累计有效 46816
✅ 已验证 85000/102070 条, 本批有效 248, 累计有效 47064
✅ 已验证 85500/102070 条, 本批有效 205, 累计有效 47269
✅ 已验证 86000/102070 条, 本批有效 220, 累计有效 47489
✅ 已验证 86500/102070 条, 本批有效 261, 累计有效 47750
✅ 已验证 87000/102070 条, 本批有效 264, 累计有效 48014
✅ 已验证 87500/102070 条, 本批有效 217, 累计有效 48231
✅ 已验证 88000/102070 条, 本批有效 223, 累计有效 48454
✅ 已验证 88500/102070 条, 本批有效 224, 累计有效 48678
✅ 已验证 89000/102070 条, 本批有效 259, 累计有效 48937
✅ 已验证 89500/102070 条, 本批有效 220, 累计有效 49157
✅ 已验证 90000/102070 条, 本批有效 231, 累计有效 49388
✅ 已验证 90500/102070 条, 本批有效 173, 累计有效 49561
✅ 已验证 91000/102070 条, 本批有效 289, 累计有效 49850
✅ 已验证 91500/102070 条, 本批有效 156, 累计有效 50006
✅ 已验证 92000/102070 条, 本批有效 182, 累计有效 50188
✅ 已验证 92500/102070 条, 本批有效 111, 累计有效 50299
✅ 已验证 93000/102070 条, 本批有效 89, 累计有效 50388
✅ 已验证 93500/102070 条, 本批有效 156, 累计有效 50544
✅ 已验证 94000/102070 条, 本批有效 177, 累计有效 50721
✅ 已验证 94500/102070 条, 本批有效 152, 累计有效 50873
✅ 已验证 95000/102070 条, 本批有效 175, 累计有效 51048
✅ 已验证 95500/102070 条, 本批有效 104, 累计有效 51152
✅ 已验证 96000/102070 条, 本批有效 171, 累计有效 51323
✅ 已验证 96500/102070 条, 本批有效 182, 累计有效 51505
✅ 已验证 97000/102070 条, 本批有效 227, 累计有效 51732
✅ 已验证 97500/102070 条, 本批有效 192, 累计有效 51924
✅ 已验证 98000/102070 条, 本批有效 246, 累计有效 52170
✅ 已验证 98500/102070 条, 本批有效 189, 累计有效 52359
✅ 已验证 99000/102070 条, 本批有效 208, 累计有效 52567
✅ 已验证 99500/102070 条, 本批有效 207, 累计有效 52774
✅ 已验证 100000/102070 条, 本批有效 253, 累计有效 53027
✅ 已验证 100500/102070 条, 本批有效 169, 累计有效 53196
✅ 已验证 101000/102070 条, 本批有效 193, 累计有效 53389
✅ 已验证 101500/102070 条, 本批有效 207, 累计有效 53596
✅ 已验证 102000/102070 条, 本批有效 209, 累计有效 53805
✅ 已验证 102070/102070 条, 本批有效 33, 累计有效 53838
✅ 分片验证完成，总有效 53838 条
✅ 分片 8 完成: 总 102757, 新增 16, 删除 0
COMMIT_STATS: 总 102757, 新增 16, 删除 0
