⏱ 开始验证分片 14，共 101882 条规则
🚀 启动 50 并发验证
✅ 已验证 500/101882 条，有效 109 条
✅ 已验证 1000/101882 条，有效 326 条
✅ 已验证 1500/101882 条，有效 356 条
✅ 已验证 2000/101882 条，有效 529 条
✅ 已验证 2500/101882 条，有效 591 条
✅ 已验证 3000/101882 条，有效 592 条
✅ 已验证 3500/101882 条，有效 592 条
✅ 已验证 4000/101882 条，有效 592 条
✅ 已验证 4500/101882 条，有效 599 条
✅ 已验证 5000/101882 条，有效 677 条
✅ 已验证 5500/101882 条，有效 852 条
✅ 已验证 6000/101882 条，有效 1018 条
✅ 已验证 6500/101882 条，有效 1239 条
✅ 已验证 7000/101882 条，有效 1457 条
✅ 已验证 7500/101882 条，有效 1662 条
✅ 已验证 8000/101882 条，有效 1854 条
✅ 已验证 8500/101882 条，有效 2052 条
✅ 已验证 9000/101882 条，有效 2062 条
✅ 已验证 9500/101882 条，有效 2128 条
✅ 已验证 10000/101882 条，有效 2306 条
✅ 已验证 10500/101882 条，有效 2517 条
✅ 已验证 11000/101882 条，有效 2681 条
✅ 已验证 11500/101882 条，有效 2865 条
✅ 已验证 12000/101882 条，有效 3031 条
✅ 已验证 12500/101882 条，有效 3180 条
✅ 已验证 13000/101882 条，有效 3414 条
✅ 已验证 13500/101882 条，有效 3640 条
✅ 已验证 14000/101882 条，有效 3857 条
✅ 已验证 14500/101882 条，有效 4014 条
✅ 已验证 15000/101882 条，有效 4235 条
✅ 已验证 15500/101882 条，有效 4448 条
✅ 已验证 16000/101882 条，有效 4671 条
✅ 已验证 16500/101882 条，有效 4846 条
✅ 已验证 17000/101882 条，有效 5043 条
✅ 已验证 17500/101882 条，有效 5268 条
✅ 已验证 18000/101882 条，有效 5503 条
✅ 已验证 18500/101882 条，有效 5555 条
✅ 已验证 19000/101882 条，有效 5589 条
✅ 已验证 19500/101882 条，有效 5773 条
✅ 已验证 20000/101882 条，有效 5919 条
✅ 已验证 20500/101882 条，有效 6023 条
✅ 已验证 21000/101882 条，有效 6124 条
✅ 已验证 21500/101882 条，有效 6191 条
✅ 已验证 22000/101882 条，有效 6333 条
✅ 已验证 22500/101882 条，有效 6427 条
✅ 已验证 23000/101882 条，有效 6534 条
✅ 已验证 23500/101882 条，有效 6717 条
✅ 已验证 24000/101882 条，有效 6877 条
✅ 已验证 24500/101882 条，有效 7034 条
✅ 已验证 25000/101882 条，有效 7231 条
✅ 已验证 25500/101882 条，有效 7437 条
✅ 已验证 26000/101882 条，有效 7577 条
✅ 已验证 26500/101882 条，有效 7801 条
✅ 已验证 27000/101882 条，有效 7989 条
✅ 已验证 27500/101882 条，有效 8221 条
✅ 已验证 28000/101882 条，有效 8413 条
✅ 已验证 28500/101882 条，有效 8592 条
✅ 已验证 29000/101882 条，有效 8840 条
✅ 已验证 29500/101882 条，有效 9055 条
✅ 已验证 30000/101882 条，有效 9265 条
✅ 已验证 30500/101882 条，有效 9485 条
✅ 已验证 31000/101882 条，有效 9689 条
✅ 已验证 31500/101882 条，有效 9880 条
✅ 已验证 32000/101882 条，有效 9947 条
✅ 已验证 32500/101882 条，有效 9948 条
✅ 已验证 33000/101882 条，有效 9948 条
✅ 已验证 33500/101882 条，有效 9949 条
✅ 已验证 34000/101882 条，有效 9952 条
✅ 已验证 34500/101882 条，有效 9953 条
✅ 已验证 35000/101882 条，有效 10119 条
✅ 已验证 35500/101882 条，有效 10376 条
✅ 已验证 36000/101882 条，有效 10523 条
✅ 已验证 36500/101882 条，有效 10720 条
✅ 已验证 37000/101882 条，有效 10975 条
✅ 已验证 37500/101882 条，有效 11208 条
✅ 已验证 38000/101882 条，有效 11445 条
✅ 已验证 38500/101882 条，有效 11596 条
✅ 已验证 39000/101882 条，有效 11747 条
✅ 已验证 39500/101882 条，有效 11827 条
✅ 已验证 40000/101882 条，有效 11830 条
✅ 已验证 40500/101882 条，有效 11830 条
✅ 已验证 41000/101882 条，有效 11830 条
✅ 已验证 41500/101882 条，有效 11831 条
✅ 已验证 42000/101882 条，有效 11838 条
✅ 已验证 42500/101882 条，有效 12071 条
✅ 已验证 43000/101882 条，有效 12249 条
✅ 已验证 43500/101882 条，有效 12268 条
✅ 已验证 44000/101882 条，有效 12317 条
✅ 已验证 44500/101882 条，有效 12437 条
✅ 已验证 45000/101882 条，有效 12607 条
✅ 已验证 45500/101882 条，有效 12818 条
✅ 已验证 46000/101882 条，有效 13026 条
✅ 已验证 46500/101882 条，有效 13223 条
✅ 已验证 47000/101882 条，有效 13395 条
✅ 已验证 47500/101882 条，有效 13533 条
✅ 已验证 48000/101882 条，有效 13565 条
✅ 已验证 48500/101882 条，有效 13722 条
✅ 已验证 49000/101882 条，有效 13943 条
✅ 已验证 49500/101882 条，有效 14146 条
✅ 已验证 50000/101882 条，有效 14318 条
✅ 已验证 50500/101882 条，有效 14522 条
✅ 已验证 51000/101882 条，有效 14702 条
✅ 已验证 51500/101882 条，有效 14897 条
✅ 已验证 52000/101882 条，有效 15077 条
✅ 已验证 52500/101882 条，有效 15245 条
✅ 已验证 53000/101882 条，有效 15455 条
✅ 已验证 53500/101882 条，有效 15657 条
✅ 已验证 54000/101882 条，有效 15889 条
✅ 已验证 54500/101882 条，有效 16121 条
✅ 已验证 55000/101882 条，有效 16283 条
✅ 已验证 55500/101882 条，有效 16471 条
✅ 已验证 56000/101882 条，有效 16682 条
✅ 已验证 56500/101882 条，有效 16817 条
✅ 已验证 57000/101882 条，有效 16886 条
✅ 已验证 57500/101882 条，有效 17017 条
✅ 已验证 58000/101882 条，有效 17195 条
✅ 已验证 58500/101882 条，有效 17384 条
✅ 已验证 59000/101882 条，有效 17580 条
✅ 已验证 59500/101882 条，有效 17814 条
✅ 已验证 60000/101882 条，有效 18000 条
✅ 已验证 60500/101882 条，有效 18220 条
✅ 已验证 61000/101882 条，有效 18350 条
✅ 已验证 61500/101882 条，有效 18555 条
✅ 已验证 62000/101882 条，有效 18753 条
✅ 已验证 62500/101882 条，有效 18878 条
✅ 已验证 63000/101882 条，有效 19070 条
✅ 已验证 63500/101882 条，有效 19233 条
✅ 已验证 64000/101882 条，有效 19446 条
✅ 已验证 64500/101882 条，有效 19641 条
✅ 已验证 65000/101882 条，有效 19813 条
✅ 已验证 65500/101882 条，有效 20041 条
✅ 已验证 66000/101882 条，有效 20270 条
✅ 已验证 66500/101882 条，有效 20451 条
✅ 已验证 67000/101882 条，有效 20657 条
✅ 已验证 67500/101882 条，有效 20851 条
✅ 已验证 68000/101882 条，有效 20979 条
✅ 已验证 68500/101882 条，有效 21195 条
✅ 已验证 69000/101882 条，有效 21425 条
✅ 已验证 69500/101882 条，有效 21588 条
✅ 已验证 70000/101882 条，有效 21778 条
✅ 已验证 70500/101882 条，有效 21982 条
✅ 已验证 71000/101882 条，有效 22212 条
✅ 已验证 71500/101882 条，有效 22442 条
✅ 已验证 72000/101882 条，有效 22645 条
✅ 已验证 72500/101882 条，有效 22805 条
✅ 已验证 73000/101882 条，有效 23120 条
✅ 已验证 73500/101882 条，有效 23525 条
✅ 已验证 74000/101882 条，有效 23704 条
✅ 已验证 74500/101882 条，有效 23911 条
✅ 已验证 75000/101882 条，有效 24111 条
✅ 已验证 75500/101882 条，有效 24252 条
✅ 已验证 76000/101882 条，有效 24437 条
✅ 已验证 76500/101882 条，有效 24623 条
✅ 已验证 77000/101882 条，有效 24833 条
✅ 已验证 77500/101882 条，有效 25035 条
✅ 已验证 78000/101882 条，有效 25230 条
✅ 已验证 78500/101882 条，有效 25451 条
✅ 已验证 79000/101882 条，有效 25606 条
✅ 已验证 79500/101882 条，有效 25797 条
✅ 已验证 80000/101882 条，有效 25929 条
✅ 已验证 80500/101882 条，有效 26055 条
✅ 已验证 81000/101882 条，有效 26260 条
✅ 已验证 81500/101882 条，有效 26475 条
✅ 已验证 82000/101882 条，有效 26596 条
✅ 已验证 82500/101882 条，有效 26801 条
✅ 已验证 83000/101882 条，有效 26974 条
✅ 已验证 83500/101882 条，有效 26975 条
✅ 已验证 84000/101882 条，有效 26976 条
✅ 已验证 84500/101882 条，有效 26976 条
✅ 已验证 85000/101882 条，有效 26976 条
✅ 已验证 85500/101882 条，有效 27160 条
✅ 已验证 86000/101882 条，有效 27319 条
✅ 已验证 86500/101882 条，有效 27504 条
✅ 已验证 87000/101882 条，有效 27747 条
✅ 已验证 87500/101882 条，有效 27938 条
✅ 已验证 88000/101882 条，有效 28162 条
✅ 已验证 88500/101882 条，有效 28329 条
✅ 已验证 89000/101882 条，有效 28497 条
✅ 已验证 89500/101882 条，有效 28749 条
✅ 已验证 90000/101882 条，有效 28937 条
✅ 已验证 90500/101882 条，有效 29117 条
✅ 已验证 91000/101882 条，有效 29312 条
✅ 已验证 91500/101882 条，有效 29528 条
✅ 已验证 92000/101882 条，有效 29748 条
✅ 已验证 92500/101882 条，有效 29971 条
✅ 已验证 93000/101882 条，有效 30171 条
✅ 已验证 93500/101882 条，有效 30384 条
✅ 已验证 94000/101882 条，有效 30606 条
✅ 已验证 94500/101882 条，有效 30817 条
✅ 已验证 95000/101882 条，有效 31029 条
✅ 已验证 95500/101882 条，有效 31265 条
✅ 已验证 96000/101882 条，有效 31479 条
✅ 已验证 96500/101882 条，有效 31678 条
✅ 已验证 97000/101882 条，有效 31884 条
✅ 已验证 97500/101882 条，有效 32109 条
✅ 已验证 98000/101882 条，有效 32319 条
✅ 已验证 98500/101882 条，有效 32497 条
✅ 已验证 99000/101882 条，有效 32715 条
✅ 已验证 99500/101882 条，有效 32933 条
✅ 已验证 100000/101882 条，有效 33137 条
✅ 已验证 100500/101882 条，有效 33345 条
✅ 已验证 101000/101882 条，有效 33479 条
✅ 已验证 101500/101882 条，有效 33675 条
✅ 分片验证完成，有效 33812 条
✅ 分片 14 验证完成 → dist/validated_part_14.txt
